<?xml version="1.0"?>
<testsuite name="HeadlessChrome 91.0.4472 (Windows 10.0.0)" package="unit" timestamp="2021-06-29T15:47:08" id="0" hostname="DESKTOP-DPBEGFV" tests="134" errors="0" failures="82" time="5.784">
  <properties>
    <property name="browser.fullName" value="Mozilla/5.0 (Windows NT 10.0; Win64; x64) AppleWebKit/537.36 (KHTML, like Gecko) HeadlessChrome/91.0.4472.114 Safari/537.36"/>
  </properties>
  <testcase name="AuthenticationComponent TS file shoud navigate" time="0.672" classname=".AuthenticationComponent TS file"/>
  <testcase name="AuthenticationComponent TS file validate() should call holidayServiceObj.signIn" time="0.107" classname=".AuthenticationComponent TS file"/>
  <testcase name="AuthenticationComponent TS file validate() should call holidayServiceObj.signIn" time="0.071" classname=".AuthenticationComponent TS file"/>
  <testcase name="AuthenticationComponent HTML file Sign in button should call validate()" time="0.069" classname=".AuthenticationComponent HTML file"/>
  <testcase name="AuthenticationComponent HTML file should show snack bar" time="0.086" classname=".AuthenticationComponent HTML file"/>
  <testcase name="AuthenticationComponent HTML file Test1 display error message for username text field" time="0.116" classname=".AuthenticationComponent HTML file"/>
  <testcase name="AuthenticationComponent HTML file Sign in button to be enabled" time="0.069" classname=".AuthenticationComponent HTML file"/>
  <testcase name="AuthenticationComponent HTML file Test1 display error message for password text field" time="0.157" classname=".AuthenticationComponent HTML file">
    <failure type="">Error: Expected 'Enter Password' to be 'Enter password'.
    at &lt;Jasmine&gt;
    at http://localhost:9876/_karma_webpack_/src/app/authentication/authentication.component.spec.ts:263:23
    at &lt;Jasmine&gt;
    at fulfilled (http://localhost:9876/_karma_webpack_/node_modules/tslib/tslib.es6.js:70:42)
</failure>
  </testcase>
  <testcase name="AuthenticationComponent HTML file Test2 display error message for username text field" time="0.128" classname=".AuthenticationComponent HTML file"/>
  <testcase name="AuthenticationComponent HTML file Sign in button to be disabled" time="0.087" classname=".AuthenticationComponent HTML file"/>
  <testcase name="HolidayViewComponent HTML file Test2 default date element to be selected" time="0.202" classname=".HolidayViewComponent HTML file">
    <failure type="">TypeError: Cannot read property 'queryAll' of null
    at &lt;Jasmine&gt;
    at UserContext.&lt;anonymous&gt; (http://localhost:9876/_karma_webpack_/src/app/dashboard/holiday-view/holiday-view.component.spec.ts:281:48)
    at ZoneDelegate.invoke (http://localhost:9876/_karma_webpack_/node_modules/zone.js/dist/zone-evergreen.js:365:1)
    at ProxyZoneSpec.onInvoke (http://localhost:9876/_karma_webpack_/node_modules/zone.js/dist/zone-testing.js:305:1)
    at ZoneDelegate.invoke (http://localhost:9876/_karma_webpack_/node_modules/zone.js/dist/zone-evergreen.js:364:1)
    at Zone.run (http://localhost:9876/_karma_webpack_/node_modules/zone.js/dist/zone-evergreen.js:124:1)
    at runInTestZone (http://localhost:9876/_karma_webpack_/node_modules/zone.js/dist/zone-testing.js:554:1)
    at UserContext.&lt;anonymous&gt; (http://localhost:9876/_karma_webpack_/node_modules/zone.js/dist/zone-testing.js:569:1)
    at &lt;Jasmine&gt;
</failure>
  </testcase>
  <testcase name="HolidayViewComponent HTML file Test2 onClick .tdEnabled element=> should call sendSelectedDate function with DateInMonth object" time="0.017" classname=".HolidayViewComponent HTML file">
    <failure type="">TypeError: Cannot read property 'queryAll' of null
    at &lt;Jasmine&gt;
    at UserContext.&lt;anonymous&gt; (http://localhost:9876/_karma_webpack_/src/app/dashboard/holiday-view/holiday-view.component.spec.ts:333:36)
    at ZoneDelegate.invoke (http://localhost:9876/_karma_webpack_/node_modules/zone.js/dist/zone-evergreen.js:365:1)
    at ProxyZoneSpec.onInvoke (http://localhost:9876/_karma_webpack_/node_modules/zone.js/dist/zone-testing.js:305:1)
    at ZoneDelegate.invoke (http://localhost:9876/_karma_webpack_/node_modules/zone.js/dist/zone-evergreen.js:364:1)
    at Zone.run (http://localhost:9876/_karma_webpack_/node_modules/zone.js/dist/zone-evergreen.js:124:1)
    at runInTestZone (http://localhost:9876/_karma_webpack_/node_modules/zone.js/dist/zone-testing.js:554:1)
    at UserContext.&lt;anonymous&gt; (http://localhost:9876/_karma_webpack_/node_modules/zone.js/dist/zone-testing.js:569:1)
    at &lt;Jasmine&gt;
</failure>
  </testcase>
  <testcase name="HolidayViewComponent HTML file Test1 onClick .tdEnabled element=> should call sendSelectedDate function with DateInMonth object" time="0.011" classname=".HolidayViewComponent HTML file">
    <failure type="">TypeError: Cannot read property 'queryAll' of null
    at &lt;Jasmine&gt;
    at UserContext.&lt;anonymous&gt; (http://localhost:9876/_karma_webpack_/src/app/dashboard/holiday-view/holiday-view.component.spec.ts:314:36)
    at ZoneDelegate.invoke (http://localhost:9876/_karma_webpack_/node_modules/zone.js/dist/zone-evergreen.js:365:1)
    at ProxyZoneSpec.onInvoke (http://localhost:9876/_karma_webpack_/node_modules/zone.js/dist/zone-testing.js:305:1)
    at ZoneDelegate.invoke (http://localhost:9876/_karma_webpack_/node_modules/zone.js/dist/zone-evergreen.js:364:1)
    at Zone.run (http://localhost:9876/_karma_webpack_/node_modules/zone.js/dist/zone-evergreen.js:124:1)
    at runInTestZone (http://localhost:9876/_karma_webpack_/node_modules/zone.js/dist/zone-testing.js:554:1)
    at UserContext.&lt;anonymous&gt; (http://localhost:9876/_karma_webpack_/node_modules/zone.js/dist/zone-testing.js:569:1)
    at &lt;Jasmine&gt;
</failure>
  </testcase>
  <testcase name="HolidayViewComponent HTML file Test1 default date element to be selected" time="0.013" classname=".HolidayViewComponent HTML file">
    <failure type="">TypeError: Cannot read property 'queryAll' of null
    at &lt;Jasmine&gt;
    at UserContext.&lt;anonymous&gt; (http://localhost:9876/_karma_webpack_/src/app/dashboard/holiday-view/holiday-view.component.spec.ts:263:48)
    at ZoneDelegate.invoke (http://localhost:9876/_karma_webpack_/node_modules/zone.js/dist/zone-evergreen.js:365:1)
    at ProxyZoneSpec.onInvoke (http://localhost:9876/_karma_webpack_/node_modules/zone.js/dist/zone-testing.js:305:1)
    at ZoneDelegate.invoke (http://localhost:9876/_karma_webpack_/node_modules/zone.js/dist/zone-evergreen.js:364:1)
    at Zone.run (http://localhost:9876/_karma_webpack_/node_modules/zone.js/dist/zone-evergreen.js:124:1)
    at runInTestZone (http://localhost:9876/_karma_webpack_/node_modules/zone.js/dist/zone-testing.js:554:1)
    at UserContext.&lt;anonymous&gt; (http://localhost:9876/_karma_webpack_/node_modules/zone.js/dist/zone-testing.js:569:1)
    at &lt;Jasmine&gt;
</failure>
  </testcase>
  <testcase name="HolidayViewComponent HTML file HolidayName=>Testing holidayBoxSelected css class and holidayBoxUnSelected css class" time="0.011" classname=".HolidayViewComponent HTML file">
    <failure type="">TypeError: Cannot read property 'queryAll' of null
    at &lt;Jasmine&gt;
    at UserContext.&lt;anonymous&gt; (http://localhost:9876/_karma_webpack_/src/app/dashboard/holiday-view/holiday-view.component.spec.ts:443:38)
    at ZoneDelegate.invoke (http://localhost:9876/_karma_webpack_/node_modules/zone.js/dist/zone-evergreen.js:365:1)
    at ProxyZoneSpec.onInvoke (http://localhost:9876/_karma_webpack_/node_modules/zone.js/dist/zone-testing.js:305:1)
    at ZoneDelegate.invoke (http://localhost:9876/_karma_webpack_/node_modules/zone.js/dist/zone-evergreen.js:364:1)
    at Zone.run (http://localhost:9876/_karma_webpack_/node_modules/zone.js/dist/zone-evergreen.js:124:1)
    at runInTestZone (http://localhost:9876/_karma_webpack_/node_modules/zone.js/dist/zone-testing.js:554:1)
    at UserContext.&lt;anonymous&gt; (http://localhost:9876/_karma_webpack_/node_modules/zone.js/dist/zone-testing.js:569:1)
    at &lt;Jasmine&gt;
</failure>
  </testcase>
  <testcase name="HolidayViewComponent HTML file Display Holiday names in calendar" time="0.009" classname=".HolidayViewComponent HTML file">
    <failure type="">TypeError: Cannot read property 'queryAll' of null
    at &lt;Jasmine&gt;
    at UserContext.&lt;anonymous&gt; (http://localhost:9876/_karma_webpack_/src/app/dashboard/holiday-view/holiday-view.component.spec.ts:422:38)
    at ZoneDelegate.invoke (http://localhost:9876/_karma_webpack_/node_modules/zone.js/dist/zone-evergreen.js:365:1)
    at ProxyZoneSpec.onInvoke (http://localhost:9876/_karma_webpack_/node_modules/zone.js/dist/zone-testing.js:305:1)
    at ZoneDelegate.invoke (http://localhost:9876/_karma_webpack_/node_modules/zone.js/dist/zone-evergreen.js:364:1)
    at Zone.run (http://localhost:9876/_karma_webpack_/node_modules/zone.js/dist/zone-evergreen.js:124:1)
    at runInTestZone (http://localhost:9876/_karma_webpack_/node_modules/zone.js/dist/zone-testing.js:554:1)
    at UserContext.&lt;anonymous&gt; (http://localhost:9876/_karma_webpack_/node_modules/zone.js/dist/zone-testing.js:569:1)
    at &lt;Jasmine&gt;
</failure>
  </testcase>
  <testcase name="HolidayViewComponent HTML file Testing number of .tdDisabled css class" time="0.016" classname=".HolidayViewComponent HTML file">
    <failure type="">TypeError: Cannot read property 'nativeElement' of null
    at &lt;Jasmine&gt;
    at UserContext.&lt;anonymous&gt; (http://localhost:9876/_karma_webpack_/src/app/dashboard/holiday-view/holiday-view.component.spec.ts:252:38)
    at ZoneDelegate.invoke (http://localhost:9876/_karma_webpack_/node_modules/zone.js/dist/zone-evergreen.js:365:1)
    at ProxyZoneSpec.onInvoke (http://localhost:9876/_karma_webpack_/node_modules/zone.js/dist/zone-testing.js:305:1)
    at ZoneDelegate.invoke (http://localhost:9876/_karma_webpack_/node_modules/zone.js/dist/zone-evergreen.js:364:1)
    at Zone.run (http://localhost:9876/_karma_webpack_/node_modules/zone.js/dist/zone-evergreen.js:124:1)
    at runInTestZone (http://localhost:9876/_karma_webpack_/node_modules/zone.js/dist/zone-testing.js:554:1)
    at UserContext.&lt;anonymous&gt; (http://localhost:9876/_karma_webpack_/node_modules/zone.js/dist/zone-testing.js:569:1)
    at &lt;Jasmine&gt;
</failure>
  </testcase>
  <testcase name="HolidayViewComponent HTML file Display date" time="0.011" classname=".HolidayViewComponent HTML file">
    <failure type="">TypeError: Cannot read property 'queryAll' of null
    at &lt;Jasmine&gt;
    at UserContext.&lt;anonymous&gt; (http://localhost:9876/_karma_webpack_/src/app/dashboard/holiday-view/holiday-view.component.spec.ts:387:36)
    at ZoneDelegate.invoke (http://localhost:9876/_karma_webpack_/node_modules/zone.js/dist/zone-evergreen.js:365:1)
    at ProxyZoneSpec.onInvoke (http://localhost:9876/_karma_webpack_/node_modules/zone.js/dist/zone-testing.js:305:1)
    at ZoneDelegate.invoke (http://localhost:9876/_karma_webpack_/node_modules/zone.js/dist/zone-evergreen.js:364:1)
    at Zone.run (http://localhost:9876/_karma_webpack_/node_modules/zone.js/dist/zone-evergreen.js:124:1)
    at runInTestZone (http://localhost:9876/_karma_webpack_/node_modules/zone.js/dist/zone-testing.js:554:1)
    at UserContext.&lt;anonymous&gt; (http://localhost:9876/_karma_webpack_/node_modules/zone.js/dist/zone-testing.js:569:1)
    at &lt;Jasmine&gt;
</failure>
  </testcase>
  <testcase name="HolidayViewComponent HTML file Test1 onClick date element=> selected date element should have .tdSelected css class " time="0.012" classname=".HolidayViewComponent HTML file">
    <failure type="">TypeError: Cannot read property 'queryAll' of null
    at &lt;Jasmine&gt;
    at UserContext.&lt;anonymous&gt; (http://localhost:9876/_karma_webpack_/src/app/dashboard/holiday-view/holiday-view.component.spec.ts:294:36)
    at ZoneDelegate.invoke (http://localhost:9876/_karma_webpack_/node_modules/zone.js/dist/zone-evergreen.js:365:1)
    at ProxyZoneSpec.onInvoke (http://localhost:9876/_karma_webpack_/node_modules/zone.js/dist/zone-testing.js:305:1)
    at ZoneDelegate.invoke (http://localhost:9876/_karma_webpack_/node_modules/zone.js/dist/zone-evergreen.js:364:1)
    at Zone.run (http://localhost:9876/_karma_webpack_/node_modules/zone.js/dist/zone-evergreen.js:124:1)
    at runInTestZone (http://localhost:9876/_karma_webpack_/node_modules/zone.js/dist/zone-testing.js:554:1)
    at UserContext.&lt;anonymous&gt; (http://localhost:9876/_karma_webpack_/node_modules/zone.js/dist/zone-testing.js:569:1)
    at &lt;Jasmine&gt;
</failure>
  </testcase>
  <testcase name="HolidayViewComponent HTML file calendar-body should contain 6 rows" time="0.01" classname=".HolidayViewComponent HTML file">
    <failure type="">TypeError: Cannot read property 'nativeElement' of null
    at &lt;Jasmine&gt;
    at UserContext.&lt;anonymous&gt; (http://localhost:9876/_karma_webpack_/src/app/dashboard/holiday-view/holiday-view.component.spec.ts:212:38)
    at ZoneDelegate.invoke (http://localhost:9876/_karma_webpack_/node_modules/zone.js/dist/zone-evergreen.js:365:1)
    at ProxyZoneSpec.onInvoke (http://localhost:9876/_karma_webpack_/node_modules/zone.js/dist/zone-testing.js:305:1)
    at ZoneDelegate.invoke (http://localhost:9876/_karma_webpack_/node_modules/zone.js/dist/zone-evergreen.js:364:1)
    at Zone.run (http://localhost:9876/_karma_webpack_/node_modules/zone.js/dist/zone-evergreen.js:124:1)
    at runInTestZone (http://localhost:9876/_karma_webpack_/node_modules/zone.js/dist/zone-testing.js:554:1)
    at UserContext.&lt;anonymous&gt; (http://localhost:9876/_karma_webpack_/node_modules/zone.js/dist/zone-testing.js:569:1)
    at &lt;Jasmine&gt;
</failure>
  </testcase>
  <testcase name="HolidayViewComponent HTML file Test2 onClick .tdDisabled element=> should not call sendSelectedDate function" time="0.009" classname=".HolidayViewComponent HTML file">
    <failure type="">TypeError: Cannot read property 'queryAll' of null
    at &lt;Jasmine&gt;
    at UserContext.&lt;anonymous&gt; (http://localhost:9876/_karma_webpack_/src/app/dashboard/holiday-view/holiday-view.component.spec.ts:369:37)
    at ZoneDelegate.invoke (http://localhost:9876/_karma_webpack_/node_modules/zone.js/dist/zone-evergreen.js:365:1)
    at ProxyZoneSpec.onInvoke (http://localhost:9876/_karma_webpack_/node_modules/zone.js/dist/zone-testing.js:305:1)
    at ZoneDelegate.invoke (http://localhost:9876/_karma_webpack_/node_modules/zone.js/dist/zone-evergreen.js:364:1)
    at Zone.run (http://localhost:9876/_karma_webpack_/node_modules/zone.js/dist/zone-evergreen.js:124:1)
    at runInTestZone (http://localhost:9876/_karma_webpack_/node_modules/zone.js/dist/zone-testing.js:554:1)
    at UserContext.&lt;anonymous&gt; (http://localhost:9876/_karma_webpack_/node_modules/zone.js/dist/zone-testing.js:569:1)
    at &lt;Jasmine&gt;
</failure>
  </testcase>
  <testcase name="HolidayViewComponent HTML file calendar-header should contain css class" time="0.01" classname=".HolidayViewComponent HTML file">
    <failure type="">Error: Expected 0 to be 7.
    at &lt;Jasmine&gt;
    at UserContext.&lt;anonymous&gt; (http://localhost:9876/_karma_webpack_/src/app/dashboard/holiday-view/holiday-view.component.spec.ts:199:33)
    at ZoneDelegate.invoke (http://localhost:9876/_karma_webpack_/node_modules/zone.js/dist/zone-evergreen.js:365:1)
    at ProxyZoneSpec.onInvoke (http://localhost:9876/_karma_webpack_/node_modules/zone.js/dist/zone-testing.js:305:1)
</failure>
    <failure type="">TypeError: Cannot read property 'textContent' of undefined
    at &lt;Jasmine&gt;
    at UserContext.&lt;anonymous&gt; (http://localhost:9876/_karma_webpack_/src/app/dashboard/holiday-view/holiday-view.component.spec.ts:202:32)
    at ZoneDelegate.invoke (http://localhost:9876/_karma_webpack_/node_modules/zone.js/dist/zone-evergreen.js:365:1)
    at ProxyZoneSpec.onInvoke (http://localhost:9876/_karma_webpack_/node_modules/zone.js/dist/zone-testing.js:305:1)
    at ZoneDelegate.invoke (http://localhost:9876/_karma_webpack_/node_modules/zone.js/dist/zone-evergreen.js:364:1)
    at Zone.run (http://localhost:9876/_karma_webpack_/node_modules/zone.js/dist/zone-evergreen.js:124:1)
    at runInTestZone (http://localhost:9876/_karma_webpack_/node_modules/zone.js/dist/zone-testing.js:554:1)
    at UserContext.&lt;anonymous&gt; (http://localhost:9876/_karma_webpack_/node_modules/zone.js/dist/zone-testing.js:569:1)
    at &lt;Jasmine&gt;
</failure>
  </testcase>
  <testcase name="HolidayViewComponent HTML file Test1 onClick .tdDisabled element=> should not call sendSelectedDate function" time="0.01" classname=".HolidayViewComponent HTML file">
    <failure type="">TypeError: Cannot read property 'queryAll' of null
    at &lt;Jasmine&gt;
    at UserContext.&lt;anonymous&gt; (http://localhost:9876/_karma_webpack_/src/app/dashboard/holiday-view/holiday-view.component.spec.ts:352:37)
    at ZoneDelegate.invoke (http://localhost:9876/_karma_webpack_/node_modules/zone.js/dist/zone-evergreen.js:365:1)
    at ProxyZoneSpec.onInvoke (http://localhost:9876/_karma_webpack_/node_modules/zone.js/dist/zone-testing.js:305:1)
    at ZoneDelegate.invoke (http://localhost:9876/_karma_webpack_/node_modules/zone.js/dist/zone-evergreen.js:364:1)
    at Zone.run (http://localhost:9876/_karma_webpack_/node_modules/zone.js/dist/zone-evergreen.js:124:1)
    at runInTestZone (http://localhost:9876/_karma_webpack_/node_modules/zone.js/dist/zone-testing.js:554:1)
    at UserContext.&lt;anonymous&gt; (http://localhost:9876/_karma_webpack_/node_modules/zone.js/dist/zone-testing.js:569:1)
    at &lt;Jasmine&gt;
</failure>
  </testcase>
  <testcase name="HolidayViewComponent HTML file Testing number of .tdEnabled css class" time="0.011" classname=".HolidayViewComponent HTML file">
    <failure type="">TypeError: Cannot read property 'nativeElement' of null
    at &lt;Jasmine&gt;
    at UserContext.&lt;anonymous&gt; (http://localhost:9876/_karma_webpack_/src/app/dashboard/holiday-view/holiday-view.component.spec.ts:236:38)
    at ZoneDelegate.invoke (http://localhost:9876/_karma_webpack_/node_modules/zone.js/dist/zone-evergreen.js:365:1)
    at ProxyZoneSpec.onInvoke (http://localhost:9876/_karma_webpack_/node_modules/zone.js/dist/zone-testing.js:305:1)
    at ZoneDelegate.invoke (http://localhost:9876/_karma_webpack_/node_modules/zone.js/dist/zone-evergreen.js:364:1)
    at Zone.run (http://localhost:9876/_karma_webpack_/node_modules/zone.js/dist/zone-evergreen.js:124:1)
    at runInTestZone (http://localhost:9876/_karma_webpack_/node_modules/zone.js/dist/zone-testing.js:554:1)
    at UserContext.&lt;anonymous&gt; (http://localhost:9876/_karma_webpack_/node_modules/zone.js/dist/zone-testing.js:569:1)
    at &lt;Jasmine&gt;
</failure>
  </testcase>
  <testcase name="HolidayViewComponent HTML file calendar-body should contain 42 .td-month" time="0.011" classname=".HolidayViewComponent HTML file">
    <failure type="">TypeError: Cannot read property 'nativeElement' of null
    at &lt;Jasmine&gt;
    at UserContext.&lt;anonymous&gt; (http://localhost:9876/_karma_webpack_/src/app/dashboard/holiday-view/holiday-view.component.spec.ts:221:38)
    at ZoneDelegate.invoke (http://localhost:9876/_karma_webpack_/node_modules/zone.js/dist/zone-evergreen.js:365:1)
    at ProxyZoneSpec.onInvoke (http://localhost:9876/_karma_webpack_/node_modules/zone.js/dist/zone-testing.js:305:1)
    at ZoneDelegate.invoke (http://localhost:9876/_karma_webpack_/node_modules/zone.js/dist/zone-evergreen.js:364:1)
    at Zone.run (http://localhost:9876/_karma_webpack_/node_modules/zone.js/dist/zone-evergreen.js:124:1)
    at runInTestZone (http://localhost:9876/_karma_webpack_/node_modules/zone.js/dist/zone-testing.js:554:1)
    at UserContext.&lt;anonymous&gt; (http://localhost:9876/_karma_webpack_/node_modules/zone.js/dist/zone-testing.js:569:1)
    at &lt;Jasmine&gt;
</failure>
  </testcase>
  <testcase name="HolidayViewComponent HTML file calendar-header should contain header" time="0.019" classname=".HolidayViewComponent HTML file">
    <failure type="">Error: Expected 0 to be 7.
    at &lt;Jasmine&gt;
    at UserContext.&lt;anonymous&gt; (http://localhost:9876/_karma_webpack_/src/app/dashboard/holiday-view/holiday-view.component.spec.ts:189:33)
    at ZoneDelegate.invoke (http://localhost:9876/_karma_webpack_/node_modules/zone.js/dist/zone-evergreen.js:365:1)
    at ProxyZoneSpec.onInvoke (http://localhost:9876/_karma_webpack_/node_modules/zone.js/dist/zone-testing.js:305:1)
</failure>
    <failure type="">TypeError: Cannot read property 'textContent' of undefined
    at &lt;Jasmine&gt;
    at UserContext.&lt;anonymous&gt; (http://localhost:9876/_karma_webpack_/src/app/dashboard/holiday-view/holiday-view.component.spec.ts:192:32)
    at ZoneDelegate.invoke (http://localhost:9876/_karma_webpack_/node_modules/zone.js/dist/zone-evergreen.js:365:1)
    at ProxyZoneSpec.onInvoke (http://localhost:9876/_karma_webpack_/node_modules/zone.js/dist/zone-testing.js:305:1)
    at ZoneDelegate.invoke (http://localhost:9876/_karma_webpack_/node_modules/zone.js/dist/zone-evergreen.js:364:1)
    at Zone.run (http://localhost:9876/_karma_webpack_/node_modules/zone.js/dist/zone-evergreen.js:124:1)
    at runInTestZone (http://localhost:9876/_karma_webpack_/node_modules/zone.js/dist/zone-testing.js:554:1)
    at UserContext.&lt;anonymous&gt; (http://localhost:9876/_karma_webpack_/node_modules/zone.js/dist/zone-testing.js:569:1)
    at &lt;Jasmine&gt;
</failure>
  </testcase>
  <testcase name="HolidayViewComponent TS file Test1 ng OnInit should assign current date date(DD/MM/YYYY) to selectedDate" time="0.013" classname=".HolidayViewComponent TS file">
    <failure type="">Error: Expected undefined to be '14/02/2020'.
    at &lt;Jasmine&gt;
    at UserContext.&lt;anonymous&gt; (http://localhost:9876/_karma_webpack_/src/app/dashboard/holiday-view/holiday-view.component.spec.ts:92:38)
    at ZoneDelegate.invoke (http://localhost:9876/_karma_webpack_/node_modules/zone.js/dist/zone-evergreen.js:365:1)
    at ProxyZoneSpec.onInvoke (http://localhost:9876/_karma_webpack_/node_modules/zone.js/dist/zone-testing.js:305:1)
</failure>
  </testcase>
  <testcase name="HolidayViewComponent TS file monthViewUpdateNotifier$ should call monthGenerator when monthViewUpdateNotifier updates" time="0.014" classname=".HolidayViewComponent TS file">
    <failure type="">Error: Expected spy monthGenerator to have been called.
    at &lt;Jasmine&gt;
    at UserContext.&lt;anonymous&gt; (http://localhost:9876/_karma_webpack_/src/app/dashboard/holiday-view/holiday-view.component.spec.ts:86:17)
    at ZoneDelegate.invoke (http://localhost:9876/_karma_webpack_/node_modules/zone.js/dist/zone-evergreen.js:365:1)
    at ProxyZoneSpec.onInvoke (http://localhost:9876/_karma_webpack_/node_modules/zone.js/dist/zone-testing.js:305:1)
</failure>
  </testcase>
  <testcase name="HolidayViewComponent TS file monthGenerator should call holidayInitializer after generating objects" time="0.011" classname=".HolidayViewComponent TS file">
    <failure type="">Error: Expected spy holidayInitializer to have been called.
    at &lt;Jasmine&gt;
    at UserContext.&lt;anonymous&gt; (http://localhost:9876/_karma_webpack_/src/app/dashboard/holiday-view/holiday-view.component.spec.ts:132:19)
    at ZoneDelegate.invoke (http://localhost:9876/_karma_webpack_/node_modules/zone.js/dist/zone-evergreen.js:365:1)
    at ProxyZoneSpec.onInvoke (http://localhost:9876/_karma_webpack_/node_modules/zone.js/dist/zone-testing.js:305:1)
</failure>
  </testcase>
  <testcase name="HolidayViewComponent TS file Test2 ng OnInit should send current date(DD/MM/YYYY) using sendUserSelectedDateId service function" time="0.012" classname=".HolidayViewComponent TS file">
    <failure type="">Error: Expected spy HolidayService.sendUserSelectedDateId to have been called with:
  [ '18/05/2019' ]
but it was never called.
    at &lt;Jasmine&gt;
    at UserContext.&lt;anonymous&gt; (http://localhost:9876/_karma_webpack_/src/app/dashboard/holiday-view/holiday-view.component.spec.ts:73:56)
    at ZoneDelegate.invoke (http://localhost:9876/_karma_webpack_/node_modules/zone.js/dist/zone-evergreen.js:365:1)
    at ProxyZoneSpec.onInvoke (http://localhost:9876/_karma_webpack_/node_modules/zone.js/dist/zone-testing.js:305:1)
</failure>
  </testcase>
  <testcase name="HolidayViewComponent TS file Test3 monthGenerator should generate Objects" time="0.059" classname=".HolidayViewComponent TS file">
    <failure type="">Error: Expected $.length = 0 to equal 6.
Expected $[0] = undefined to equal [ DateInMonth({ enabled: false, date: '23/02/2020' }), DateInMonth({ enabled: false, date: '24/02/2020' }), DateInMonth({ enabled: false, date: '25/02/2020' }), DateInMonth({ enabled: false, date: '26/02/2020' }), DateInMonth({ enabled: false, date: '27/02/2020' }), DateInMonth({ enabled: false, date: '28/02/2020' }), DateInMonth({ enabled: false, date: '29/02/2020' }) ].
Expected $[1] = undefined to equal [ DateInMonth({ enabled: true, date: '01/03/2020' }), DateInMonth({ enabled: true, date: '02/03/2020' }), DateInMonth({ enabled: true, date: '03/03/2020' }), DateInMonth({ enabled: true, date: '04/03/2020' }), DateInMonth({ enabled: true, date: '05/03/2020' }), DateInMonth({ enabled: true, date: '06/03/2020' }), DateInMonth({ enabled: true, date: '07/03/2020' }) ].
Expected $[2] = undefined to equal [ DateInMonth({ enabled: true, date: '08/03/2020' }), DateInMonth({ enabled: true, date: '09/03/2020' }), DateInMonth({ enabled: true, date: '10/03/2020' }), DateInMonth({ enabled: true, date: '11/03/2020' }), DateInMonth({ enabled: true, date: '12/03/2020' }), DateInMonth({ enabled: true, date: '13/03/2020' }), DateInMonth({ enabled: true, date: '14/03/2020' }) ].
Expected $[3] = undefined to equal [ DateInMonth({ enabled: true, date: '15/03/2020' }), DateInMonth({ enabled: true, date: '16/03/2020' }), DateInMonth({ enabled: true, date: '17/03/2020' }), DateInMonth({ enabled: true, date: '18/03/2020' }), DateInMonth({ enabled: true, date: '19/03/2020' }), DateInMonth({ enabled: true, date: '20/03/2020' }), DateInMonth({ enabled: true, date: '21/03/2020' }) ].
Expected $[4] = undefined to equal [ DateInMonth({ enabled: true, date: '22/03/2020' }), DateInMonth({ enabled: true, date: '23/03/2020' }), DateInMonth({ enabled: true, date: '24/03/2020' }), DateInMonth({ enabled: true, date: '25/03/2020' }), DateInMonth({ enabled: true, date: '26/03/2020' }), DateInMonth({ enabled: true, date: '27/03/2020' }), DateInMonth({ enabled: true, date: '28/03/2020' }) ].
Expected $[5] = undefined to equal [ DateInMonth({ enabled: true, date: '29/03/2020' }), DateInMonth({ enabled: true, date: '30/03/2020' }), DateInMonth({ enabled: true, date: '31/03/2020' }), DateInMonth({ enabled: false, date: '01/04/2020' }), DateInMonth({ enabled: false, date: '02/04/2020' }), DateInMonth({ enabled: false, date: '03/04/2020' }), DateInMonth({ enabled: false, date: '04/04/2020' }) ].
    at &lt;Jasmine&gt;
    at UserContext.&lt;anonymous&gt; (http://localhost:9876/_karma_webpack_/src/app/dashboard/holiday-view/holiday-view.component.spec.ts:123:33)
    at ZoneDelegate.invoke (http://localhost:9876/_karma_webpack_/node_modules/zone.js/dist/zone-evergreen.js:365:1)
    at ProxyZoneSpec.onInvoke (http://localhost:9876/_karma_webpack_/node_modules/zone.js/dist/zone-testing.js:305:1)
</failure>
  </testcase>
  <testcase name="HolidayViewComponent TS file Test2 monthGenerator should generate Objects" time="0.021" classname=".HolidayViewComponent TS file">
    <failure type="">Error: Expected $.length = 0 to equal 6.
Expected $[0] = undefined to equal [ DateInMonth({ enabled: false, date: '24/11/2019' }), DateInMonth({ enabled: false, date: '25/11/2019' }), DateInMonth({ enabled: false, date: '26/11/2019' }), DateInMonth({ enabled: false, date: '27/11/2019' }), DateInMonth({ enabled: false, date: '28/11/2019' }), DateInMonth({ enabled: false, date: '29/11/2019' }), DateInMonth({ enabled: false, date: '30/11/2019' }) ].
Expected $[1] = undefined to equal [ DateInMonth({ enabled: true, date: '01/12/2019' }), DateInMonth({ enabled: true, date: '02/12/2019' }), DateInMonth({ enabled: true, date: '03/12/2019' }), DateInMonth({ enabled: true, date: '04/12/2019' }), DateInMonth({ enabled: true, date: '05/12/2019' }), DateInMonth({ enabled: true, date: '06/12/2019' }), DateInMonth({ enabled: true, date: '07/12/2019' }) ].
Expected $[2] = undefined to equal [ DateInMonth({ enabled: true, date: '08/12/2019' }), DateInMonth({ enabled: true, date: '09/12/2019' }), DateInMonth({ enabled: true, date: '10/12/2019' }), DateInMonth({ enabled: true, date: '11/12/2019' }), DateInMonth({ enabled: true, date: '12/12/2019' }), DateInMonth({ enabled: true, date: '13/12/2019' }), DateInMonth({ enabled: true, date: '14/12/2019' }) ].
Expected $[3] = undefined to equal [ DateInMonth({ enabled: true, date: '15/12/2019' }), DateInMonth({ enabled: true, date: '16/12/2019' }), DateInMonth({ enabled: true, date: '17/12/2019' }), DateInMonth({ enabled: true, date: '18/12/2019' }), DateInMonth({ enabled: true, date: '19/12/2019' }), DateInMonth({ enabled: true, date: '20/12/2019' }), DateInMonth({ enabled: true, date: '21/12/2019' }) ].
Expected $[4] = undefined to equal [ DateInMonth({ enabled: true, date: '22/12/2019' }), DateInMonth({ enabled: true, date: '23/12/2019' }), DateInMonth({ enabled: true, date: '24/12/2019' }), DateInMonth({ enabled: true, date: '25/12/2019' }), DateInMonth({ enabled: true, date: '26/12/2019' }), DateInMonth({ enabled: true, date: '27/12/2019' }), DateInMonth({ enabled: true, date: '28/12/2019' }) ].
Expected $[5] = undefined to equal [ DateInMonth({ enabled: true, date: '29/12/2019' }), DateInMonth({ enabled: true, date: '30/12/2019' }), DateInMonth({ enabled: true, date: '31/12/2019' }), DateInMonth({ enabled: false, date: '01/01/2019' }), DateInMonth({ enabled: false, date: '02/01/2019' }), DateInMonth({ enabled: false, date: '03/01/2019' }), DateInMonth({ enabled: false, date: '04/01/2019' }) ].
    at &lt;Jasmine&gt;
    at UserContext.&lt;anonymous&gt; (http://localhost:9876/_karma_webpack_/src/app/dashboard/holiday-view/holiday-view.component.spec.ts:115:33)
    at ZoneDelegate.invoke (http://localhost:9876/_karma_webpack_/node_modules/zone.js/dist/zone-evergreen.js:365:1)
    at ProxyZoneSpec.onInvoke (http://localhost:9876/_karma_webpack_/node_modules/zone.js/dist/zone-testing.js:305:1)
</failure>
  </testcase>
  <testcase name="HolidayViewComponent TS file Test1 ng OnInit should send current date(DD/MM/YYYY) using sendUserSelectedDateId service function" time="0.01" classname=".HolidayViewComponent TS file">
    <failure type="">Error: Expected spy HolidayService.sendUserSelectedDateId to have been called with:
  [ '14/02/2020' ]
but it was never called.
    at &lt;Jasmine&gt;
    at UserContext.&lt;anonymous&gt; (http://localhost:9876/_karma_webpack_/src/app/dashboard/holiday-view/holiday-view.component.spec.ts:65:56)
    at ZoneDelegate.invoke (http://localhost:9876/_karma_webpack_/node_modules/zone.js/dist/zone-evergreen.js:365:1)
    at ProxyZoneSpec.onInvoke (http://localhost:9876/_karma_webpack_/node_modules/zone.js/dist/zone-testing.js:305:1)
</failure>
  </testcase>
  <testcase name="HolidayViewComponent TS file Test2 ng OnInit should assign current date date(DD/MM/YYYY) to selectedDate" time="0.015" classname=".HolidayViewComponent TS file">
    <failure type="">Error: Expected undefined to be '14/01/2019'.
    at &lt;Jasmine&gt;
    at UserContext.&lt;anonymous&gt; (http://localhost:9876/_karma_webpack_/src/app/dashboard/holiday-view/holiday-view.component.spec.ts:99:38)
    at ZoneDelegate.invoke (http://localhost:9876/_karma_webpack_/node_modules/zone.js/dist/zone-evergreen.js:365:1)
    at ProxyZoneSpec.onInvoke (http://localhost:9876/_karma_webpack_/node_modules/zone.js/dist/zone-testing.js:305:1)
</failure>
  </testcase>
  <testcase name="HolidayViewComponent TS file sendSelectedDate() should call sendUserSelectedDateId" time="0.013" classname=".HolidayViewComponent TS file">
    <failure type="">Error: Expected undefined to be '20/05/2020'.
    at &lt;Jasmine&gt;
    at UserContext.&lt;anonymous&gt; (http://localhost:9876/_karma_webpack_/src/app/dashboard/holiday-view/holiday-view.component.spec.ts:173:38)
    at ZoneDelegate.invoke (http://localhost:9876/_karma_webpack_/node_modules/zone.js/dist/zone-evergreen.js:365:1)
    at ProxyZoneSpec.onInvoke (http://localhost:9876/_karma_webpack_/node_modules/zone.js/dist/zone-testing.js:305:1)
</failure>
    <failure type="">Error: Expected spy HolidayService.sendUserSelectedDateId to have been called with:
  [ '20/05/2020' ]
but it was never called.
    at &lt;Jasmine&gt;
    at UserContext.&lt;anonymous&gt; (http://localhost:9876/_karma_webpack_/src/app/dashboard/holiday-view/holiday-view.component.spec.ts:174:56)
    at ZoneDelegate.invoke (http://localhost:9876/_karma_webpack_/node_modules/zone.js/dist/zone-evergreen.js:365:1)
    at ProxyZoneSpec.onInvoke (http://localhost:9876/_karma_webpack_/node_modules/zone.js/dist/zone-testing.js:305:1)
</failure>
    <failure type="">Error: Expected undefined to be '27/05/2020'.
    at &lt;Jasmine&gt;
    at UserContext.&lt;anonymous&gt; (http://localhost:9876/_karma_webpack_/src/app/dashboard/holiday-view/holiday-view.component.spec.ts:177:38)
    at ZoneDelegate.invoke (http://localhost:9876/_karma_webpack_/node_modules/zone.js/dist/zone-evergreen.js:365:1)
    at ProxyZoneSpec.onInvoke (http://localhost:9876/_karma_webpack_/node_modules/zone.js/dist/zone-testing.js:305:1)
</failure>
    <failure type="">Error: Expected spy HolidayService.sendUserSelectedDateId to have been called with:
  [ '27/05/2020' ]
but it was never called.
    at &lt;Jasmine&gt;
    at UserContext.&lt;anonymous&gt; (http://localhost:9876/_karma_webpack_/src/app/dashboard/holiday-view/holiday-view.component.spec.ts:178:56)
    at ZoneDelegate.invoke (http://localhost:9876/_karma_webpack_/node_modules/zone.js/dist/zone-evergreen.js:365:1)
    at ProxyZoneSpec.onInvoke (http://localhost:9876/_karma_webpack_/node_modules/zone.js/dist/zone-testing.js:305:1)
</failure>
  </testcase>
  <testcase name="HolidayViewComponent TS file Test2 getHolidays() => response data should be converted and intialized to responseDateObjs" time="0.011" classname=".HolidayViewComponent TS file">
    <failure type="">Error: Expected undefined to equal Object({ date: '05/12/2019', id: 134, holidayName: 'new day' }).
    at &lt;Jasmine&gt;
    at http://localhost:9876/_karma_webpack_/src/app/dashboard/holiday-view/holiday-view.component.spec.ts:165:64
    at &lt;Jasmine&gt;
    at SafeSubscriber._next (http://localhost:9876/_karma_webpack_/src/app/dashboard/holiday-view/holiday-view.component.spec.ts:164:24)
</failure>
    <failure type="">Error: Expected undefined to equal Object({ date: '18/12/2019', id: 131, holidayName: 'kvvvbbbb' }).
    at &lt;Jasmine&gt;
    at http://localhost:9876/_karma_webpack_/src/app/dashboard/holiday-view/holiday-view.component.spec.ts:165:64
    at &lt;Jasmine&gt;
    at SafeSubscriber._next (http://localhost:9876/_karma_webpack_/src/app/dashboard/holiday-view/holiday-view.component.spec.ts:164:24)
</failure>
    <failure type="">Error: Expected undefined to equal Object({ date: '20/12/2019', id: 132, holidayName: 'cccc' }).
    at &lt;Jasmine&gt;
    at http://localhost:9876/_karma_webpack_/src/app/dashboard/holiday-view/holiday-view.component.spec.ts:165:64
    at &lt;Jasmine&gt;
    at SafeSubscriber._next (http://localhost:9876/_karma_webpack_/src/app/dashboard/holiday-view/holiday-view.component.spec.ts:164:24)
</failure>
    <failure type="">Error: Expected undefined to equal Object({ date: '22/12/2019', id: 132, holidayName: 'uashdashdjk' }).
    at &lt;Jasmine&gt;
    at http://localhost:9876/_karma_webpack_/src/app/dashboard/holiday-view/holiday-view.component.spec.ts:165:64
    at &lt;Jasmine&gt;
    at SafeSubscriber._next (http://localhost:9876/_karma_webpack_/src/app/dashboard/holiday-view/holiday-view.component.spec.ts:164:24)
</failure>
  </testcase>
  <testcase name="HolidayViewComponent TS file Test1 monthGenerator should generate Objects" time="0.018" classname=".HolidayViewComponent TS file">
    <failure type="">Error: Expected $.length = 0 to equal 6.
Expected $[0] = undefined to equal [ DateInMonth({ enabled: false, date: '26/01/2020' }), DateInMonth({ enabled: false, date: '27/01/2020' }), DateInMonth({ enabled: false, date: '28/01/2020' }), DateInMonth({ enabled: false, date: '29/01/2020' }), DateInMonth({ enabled: false, date: '30/01/2020' }), DateInMonth({ enabled: false, date: '31/01/2020' }), DateInMonth({ enabled: true, date: '01/02/2020' }) ].
Expected $[1] = undefined to equal [ DateInMonth({ enabled: true, date: '02/02/2020' }), DateInMonth({ enabled: true, date: '03/02/2020' }), DateInMonth({ enabled: true, date: '04/02/2020' }), DateInMonth({ enabled: true, date: '05/02/2020' }), DateInMonth({ enabled: true, date: '06/02/2020' }), DateInMonth({ enabled: true, date: '07/02/2020' }), DateInMonth({ enabled: true, date: '08/02/2020' }) ].
Expected $[2] = undefined to equal [ DateInMonth({ enabled: true, date: '09/02/2020' }), DateInMonth({ enabled: true, date: '10/02/2020' }), DateInMonth({ enabled: true, date: '11/02/2020' }), DateInMonth({ enabled: true, date: '12/02/2020' }), DateInMonth({ enabled: true, date: '13/02/2020' }), DateInMonth({ enabled: true, date: '14/02/2020' }), DateInMonth({ enabled: true, date: '15/02/2020' }) ].
Expected $[3] = undefined to equal [ DateInMonth({ enabled: true, date: '16/02/2020' }), DateInMonth({ enabled: true, date: '17/02/2020' }), DateInMonth({ enabled: true, date: '18/02/2020' }), DateInMonth({ enabled: true, date: '19/02/2020' }), DateInMonth({ enabled: true, date: '20/02/2020' }), DateInMonth({ enabled: true, date: '21/02/2020' }), DateInMonth({ enabled: true, date: '22/02/2020' }) ].
Expected $[4] = undefined to equal [ DateInMonth({ enabled: true, date: '23/02/2020' }), DateInMonth({ enabled: true, date: '24/02/2020' }), DateInMonth({ enabled: true, date: '25/02/2020' }), DateInMonth({ enabled: true, date: '26/02/2020' }), DateInMonth({ enabled: true, date: '27/02/2020' }), DateInMonth({ enabled: true, date: '28/02/2020' }), DateInMonth({ enabled: true, date: '29/02/2020' }) ].
Expected $[5] = undefined to equal [ DateInMonth({ enabled: false, date: '01/03/2020' }), DateInMonth({ enabled: false, date: '02/03/2020' }), DateInMonth({ enabled: false, date: '03/03/2020' }), DateInMonth({ enabled: false, date: '04/03/2020' }), DateInMonth({ enabled: false, date: '05/03/2020' }), DateInMonth({ enabled: false, date: '06/03/2020' }), DateInMonth({ enabled: false, date: '07/03/2020' }) ].
    at &lt;Jasmine&gt;
    at UserContext.&lt;anonymous&gt; (http://localhost:9876/_karma_webpack_/src/app/dashboard/holiday-view/holiday-view.component.spec.ts:107:33)
    at ZoneDelegate.invoke (http://localhost:9876/_karma_webpack_/node_modules/zone.js/dist/zone-evergreen.js:365:1)
    at ProxyZoneSpec.onInvoke (http://localhost:9876/_karma_webpack_/node_modules/zone.js/dist/zone-testing.js:305:1)
</failure>
  </testcase>
  <testcase name="HolidayViewComponent TS file Test1 getHolidays() => response data should be converted and intialized to responseDateObjs" time="0.014" classname=".HolidayViewComponent TS file">
    <failure type="">Error: Expected undefined to equal Object({ date: '14/02/2020', id: 131, holidayName: 'kvvvbbbb' }).
    at &lt;Jasmine&gt;
    at http://localhost:9876/_karma_webpack_/src/app/dashboard/holiday-view/holiday-view.component.spec.ts:153:62
    at &lt;Jasmine&gt;
    at http://localhost:9876/_karma_webpack_/src/app/dashboard/holiday-view/holiday-view.component.spec.ts:152:22
</failure>
    <failure type="">Error: Expected undefined to equal Object({ date: '15/02/2020', id: 132, holidayName: 'cccc' }).
    at &lt;Jasmine&gt;
    at http://localhost:9876/_karma_webpack_/src/app/dashboard/holiday-view/holiday-view.component.spec.ts:153:62
    at &lt;Jasmine&gt;
    at http://localhost:9876/_karma_webpack_/src/app/dashboard/holiday-view/holiday-view.component.spec.ts:152:22
</failure>
    <failure type="">Error: Expected undefined to equal Object({ date: '29/02/2020', id: 134, holidayName: 'new day' }).
    at &lt;Jasmine&gt;
    at http://localhost:9876/_karma_webpack_/src/app/dashboard/holiday-view/holiday-view.component.spec.ts:153:62
    at &lt;Jasmine&gt;
    at http://localhost:9876/_karma_webpack_/src/app/dashboard/holiday-view/holiday-view.component.spec.ts:152:22
</failure>
  </testcase>
  <testcase name="HolidayViewComponent TS file holidayInitializer should use getHolidays() in HolidayService to get holiday list" time="0.01" classname=".HolidayViewComponent TS file">
    <failure type="">Error: Expected spy HolidayService.getHolidays to have been called with:
  [ 'ccc', 2, 2020 ]
but it was never called.
    at &lt;Jasmine&gt;
    at UserContext.&lt;anonymous&gt; (http://localhost:9876/_karma_webpack_/src/app/dashboard/holiday-view/holiday-view.component.spec.ts:141:45)
    at ZoneDelegate.invoke (http://localhost:9876/_karma_webpack_/node_modules/zone.js/dist/zone-evergreen.js:365:1)
    at ProxyZoneSpec.onInvoke (http://localhost:9876/_karma_webpack_/node_modules/zone.js/dist/zone-testing.js:305:1)
</failure>
  </testcase>
  <testcase name="TestHost when city change=> editor should call getSelectedHolidayInfo" time="0.028" classname=".TestHost">
    <failure type="">Error: Expected spy getSelectedHolidayInfo to have been called.
    at &lt;Jasmine&gt;
    at UserContext.&lt;anonymous&gt; (http://localhost:9876/_karma_webpack_/src/app/dashboard/holiday-editor/holiday-editor.component.spec.ts:564:20)
    at ZoneDelegate.invoke (http://localhost:9876/_karma_webpack_/node_modules/zone.js/dist/zone-evergreen.js:365:1)
    at ProxyZoneSpec.onInvoke (http://localhost:9876/_karma_webpack_/node_modules/zone.js/dist/zone-testing.js:305:1)
</failure>
  </testcase>
  <testcase name="TestHost holidayView when city|year|month change=> holiday view component should call monthGenerator" time="0.015" classname=".TestHost holidayView">
    <failure type="">Error: Expected spy monthGenerator to have been called.
    at &lt;Jasmine&gt;
    at UserContext.&lt;anonymous&gt; (http://localhost:9876/_karma_webpack_/src/app/dashboard/holiday-view/holiday-view.component.spec.ts:501:20)
    at ZoneDelegate.invoke (http://localhost:9876/_karma_webpack_/node_modules/zone.js/dist/zone-evergreen.js:365:1)
    at ProxyZoneSpec.onInvoke (http://localhost:9876/_karma_webpack_/node_modules/zone.js/dist/zone-testing.js:305:1)
</failure>
    <failure type="">Error: Expected spy monthGenerator to have been called.
    at &lt;Jasmine&gt;
    at UserContext.&lt;anonymous&gt; (http://localhost:9876/_karma_webpack_/src/app/dashboard/holiday-view/holiday-view.component.spec.ts:506:20)
    at ZoneDelegate.invoke (http://localhost:9876/_karma_webpack_/node_modules/zone.js/dist/zone-evergreen.js:365:1)
    at ProxyZoneSpec.onInvoke (http://localhost:9876/_karma_webpack_/node_modules/zone.js/dist/zone-testing.js:305:1)
</failure>
    <failure type="">Error: Expected spy monthGenerator to have been called.
    at &lt;Jasmine&gt;
    at UserContext.&lt;anonymous&gt; (http://localhost:9876/_karma_webpack_/src/app/dashboard/holiday-view/holiday-view.component.spec.ts:511:20)
    at ZoneDelegate.invoke (http://localhost:9876/_karma_webpack_/node_modules/zone.js/dist/zone-evergreen.js:365:1)
    at ProxyZoneSpec.onInvoke (http://localhost:9876/_karma_webpack_/node_modules/zone.js/dist/zone-testing.js:305:1)
</failure>
  </testcase>
  <testcase name="DashboardComponent Test TS file uploadDialog should call uploadFile function in Holiday service when afterClosed response contain File Object" time="0.195" classname=".DashboardComponent Test TS file"/>
  <testcase name="DashboardComponent Test TS file uploadDialog should open upload dialog" time="0.119" classname=".DashboardComponent Test TS file"/>
  <testcase name="DashboardComponent Test TS file monthNavigatorValidation should return false" time="0.058" classname=".DashboardComponent Test TS file"/>
  <testcase name="DashboardComponent Test TS file yearNavigatorValidation should return true" time="0.073" classname=".DashboardComponent Test TS file">
    <failure type="">Error: Expected null to be truthy.
    at &lt;Jasmine&gt;
    at UserContext.&lt;anonymous&gt; (http://localhost:9876/_karma_webpack_/src/app/dashboard/dashboard.component.spec.ts:285:51)
    at ZoneDelegate.invoke (http://localhost:9876/_karma_webpack_/node_modules/zone.js/dist/zone-evergreen.js:365:1)
    at ProxyZoneSpec.onInvoke (http://localhost:9876/_karma_webpack_/node_modules/zone.js/dist/zone-testing.js:305:1)
</failure>
    <failure type="">Error: Expected null to be truthy.
    at &lt;Jasmine&gt;
    at UserContext.&lt;anonymous&gt; (http://localhost:9876/_karma_webpack_/src/app/dashboard/dashboard.component.spec.ts:291:51)
    at ZoneDelegate.invoke (http://localhost:9876/_karma_webpack_/node_modules/zone.js/dist/zone-evergreen.js:365:1)
    at ProxyZoneSpec.onInvoke (http://localhost:9876/_karma_webpack_/node_modules/zone.js/dist/zone-testing.js:305:1)
</failure>
    <failure type="">Error: Expected null to be truthy.
    at &lt;Jasmine&gt;
    at UserContext.&lt;anonymous&gt; (http://localhost:9876/_karma_webpack_/src/app/dashboard/dashboard.component.spec.ts:297:51)
    at ZoneDelegate.invoke (http://localhost:9876/_karma_webpack_/node_modules/zone.js/dist/zone-evergreen.js:365:1)
    at ProxyZoneSpec.onInvoke (http://localhost:9876/_karma_webpack_/node_modules/zone.js/dist/zone-testing.js:305:1)
</failure>
  </testcase>
  <testcase name="DashboardComponent Test TS file monthNavigatorValidation should return true" time="0.059" classname=".DashboardComponent Test TS file">
    <failure type="">Error: Expected null to be truthy.
    at &lt;Jasmine&gt;
    at UserContext.&lt;anonymous&gt; (http://localhost:9876/_karma_webpack_/src/app/dashboard/dashboard.component.spec.ts:239:52)
    at ZoneDelegate.invoke (http://localhost:9876/_karma_webpack_/node_modules/zone.js/dist/zone-evergreen.js:365:1)
    at ProxyZoneSpec.onInvoke (http://localhost:9876/_karma_webpack_/node_modules/zone.js/dist/zone-testing.js:305:1)
</failure>
    <failure type="">Error: Expected null to be truthy.
    at &lt;Jasmine&gt;
    at UserContext.&lt;anonymous&gt; (http://localhost:9876/_karma_webpack_/src/app/dashboard/dashboard.component.spec.ts:245:52)
    at ZoneDelegate.invoke (http://localhost:9876/_karma_webpack_/node_modules/zone.js/dist/zone-evergreen.js:365:1)
    at ProxyZoneSpec.onInvoke (http://localhost:9876/_karma_webpack_/node_modules/zone.js/dist/zone-testing.js:305:1)
</failure>
    <failure type="">Error: Expected null to be truthy.
    at &lt;Jasmine&gt;
    at UserContext.&lt;anonymous&gt; (http://localhost:9876/_karma_webpack_/src/app/dashboard/dashboard.component.spec.ts:251:52)
    at ZoneDelegate.invoke (http://localhost:9876/_karma_webpack_/node_modules/zone.js/dist/zone-evergreen.js:365:1)
    at ProxyZoneSpec.onInvoke (http://localhost:9876/_karma_webpack_/node_modules/zone.js/dist/zone-testing.js:305:1)
</failure>
  </testcase>
  <testcase name="DashboardComponent Test TS file yearNavigatorValidation should return true" time="0.047" classname=".DashboardComponent Test TS file"/>
  <testcase name="DashboardComponent Test TS file getCities to get the city list and assign the response to cities" time="0.063" classname=".DashboardComponent Test TS file"/>
  <testcase name="DashboardComponent Test TS file Test1 -> navigationArrowMonth arrow " time="0.053" classname=".DashboardComponent Test TS file"/>
  <testcase name="DashboardComponent Test TS file ngOnInit to Initialize monthIndex and year" time="0.169" classname=".DashboardComponent Test TS file"/>
  <testcase name="DashboardComponent Test TS file ngOnInit to load cities" time="0.048" classname=".DashboardComponent Test TS file"/>
  <testcase name="DashboardComponent Test TS file navigationArrowYear arrow" time="0.042" classname=".DashboardComponent Test TS file"/>
  <testcase name="DashboardComponent Test TS file signOut should use signOut service" time="0.061" classname=".DashboardComponent Test TS file"/>
  <testcase name="DashboardComponent Test TS file Test3 -> navigationArrowMonth arrow " time="0.05" classname=".DashboardComponent Test TS file">
    <failure type="">Error: Expected -1 to be 11.
    at &lt;Jasmine&gt;
    at UserContext.&lt;anonymous&gt; (http://localhost:9876/_karma_webpack_/src/app/dashboard/dashboard.component.spec.ts:187:36)
    at ZoneDelegate.invoke (http://localhost:9876/_karma_webpack_/node_modules/zone.js/dist/zone-evergreen.js:365:1)
    at ProxyZoneSpec.onInvoke (http://localhost:9876/_karma_webpack_/node_modules/zone.js/dist/zone-testing.js:305:1)
</failure>
    <failure type="">Error: Expected 2019 to be 2018.
    at &lt;Jasmine&gt;
    at UserContext.&lt;anonymous&gt; (http://localhost:9876/_karma_webpack_/src/app/dashboard/dashboard.component.spec.ts:188:30)
    at ZoneDelegate.invoke (http://localhost:9876/_karma_webpack_/node_modules/zone.js/dist/zone-evergreen.js:365:1)
    at ProxyZoneSpec.onInvoke (http://localhost:9876/_karma_webpack_/node_modules/zone.js/dist/zone-testing.js:305:1)
</failure>
    <failure type="">Error: Expected -2 to be 10.
    at &lt;Jasmine&gt;
    at UserContext.&lt;anonymous&gt; (http://localhost:9876/_karma_webpack_/src/app/dashboard/dashboard.component.spec.ts:191:36)
    at ZoneDelegate.invoke (http://localhost:9876/_karma_webpack_/node_modules/zone.js/dist/zone-evergreen.js:365:1)
    at ProxyZoneSpec.onInvoke (http://localhost:9876/_karma_webpack_/node_modules/zone.js/dist/zone-testing.js:305:1)
</failure>
    <failure type="">Error: Expected 2019 to be 2018.
    at &lt;Jasmine&gt;
    at UserContext.&lt;anonymous&gt; (http://localhost:9876/_karma_webpack_/src/app/dashboard/dashboard.component.spec.ts:192:30)
    at ZoneDelegate.invoke (http://localhost:9876/_karma_webpack_/node_modules/zone.js/dist/zone-evergreen.js:365:1)
    at ProxyZoneSpec.onInvoke (http://localhost:9876/_karma_webpack_/node_modules/zone.js/dist/zone-testing.js:305:1)
</failure>
    <failure type="">Error: Expected -1 to be 11.
    at &lt;Jasmine&gt;
    at UserContext.&lt;anonymous&gt; (http://localhost:9876/_karma_webpack_/src/app/dashboard/dashboard.component.spec.ts:195:36)
    at ZoneDelegate.invoke (http://localhost:9876/_karma_webpack_/node_modules/zone.js/dist/zone-evergreen.js:365:1)
    at ProxyZoneSpec.onInvoke (http://localhost:9876/_karma_webpack_/node_modules/zone.js/dist/zone-testing.js:305:1)
</failure>
    <failure type="">Error: Expected 2019 to be 2018.
    at &lt;Jasmine&gt;
    at UserContext.&lt;anonymous&gt; (http://localhost:9876/_karma_webpack_/src/app/dashboard/dashboard.component.spec.ts:196:30)
    at ZoneDelegate.invoke (http://localhost:9876/_karma_webpack_/node_modules/zone.js/dist/zone-evergreen.js:365:1)
    at ProxyZoneSpec.onInvoke (http://localhost:9876/_karma_webpack_/node_modules/zone.js/dist/zone-testing.js:305:1)
</failure>
  </testcase>
  <testcase name="DashboardComponent Test TS file After uploading file notify holiday view component using monthComponentNotify" time="0.077" classname=".DashboardComponent Test TS file"/>
  <testcase name="DashboardComponent Test TS file uploadDialog should not call uploadFile function in Holiday service when afterClosed response does not contain File Object" time="0.07" classname=".DashboardComponent Test TS file"/>
  <testcase name="DashboardComponent Test TS file Test2 -> navigationArrowMonth arrow " time="0.05" classname=".DashboardComponent Test TS file">
    <failure type="">Error: Expected 12 to be 0.
    at &lt;Jasmine&gt;
    at UserContext.&lt;anonymous&gt; (http://localhost:9876/_karma_webpack_/src/app/dashboard/dashboard.component.spec.ts:161:36)
    at ZoneDelegate.invoke (http://localhost:9876/_karma_webpack_/node_modules/zone.js/dist/zone-evergreen.js:365:1)
    at ProxyZoneSpec.onInvoke (http://localhost:9876/_karma_webpack_/node_modules/zone.js/dist/zone-testing.js:305:1)
</failure>
    <failure type="">Error: Expected 2019 to be 2020.
    at &lt;Jasmine&gt;
    at UserContext.&lt;anonymous&gt; (http://localhost:9876/_karma_webpack_/src/app/dashboard/dashboard.component.spec.ts:162:30)
    at ZoneDelegate.invoke (http://localhost:9876/_karma_webpack_/node_modules/zone.js/dist/zone-evergreen.js:365:1)
    at ProxyZoneSpec.onInvoke (http://localhost:9876/_karma_webpack_/node_modules/zone.js/dist/zone-testing.js:305:1)
</failure>
    <failure type="">Error: Expected 13 to be 1.
    at &lt;Jasmine&gt;
    at UserContext.&lt;anonymous&gt; (http://localhost:9876/_karma_webpack_/src/app/dashboard/dashboard.component.spec.ts:176:36)
    at ZoneDelegate.invoke (http://localhost:9876/_karma_webpack_/node_modules/zone.js/dist/zone-evergreen.js:365:1)
    at ProxyZoneSpec.onInvoke (http://localhost:9876/_karma_webpack_/node_modules/zone.js/dist/zone-testing.js:305:1)
</failure>
    <failure type="">Error: Expected 2019 to be 2020.
    at &lt;Jasmine&gt;
    at UserContext.&lt;anonymous&gt; (http://localhost:9876/_karma_webpack_/src/app/dashboard/dashboard.component.spec.ts:177:30)
    at ZoneDelegate.invoke (http://localhost:9876/_karma_webpack_/node_modules/zone.js/dist/zone-evergreen.js:365:1)
    at ProxyZoneSpec.onInvoke (http://localhost:9876/_karma_webpack_/node_modules/zone.js/dist/zone-testing.js:305:1)
</failure>
  </testcase>
  <testcase name="DashboardComponent Test HTML Test2 selected city should be assigned to selectedCity" time="0.192" classname=".DashboardComponent Test HTML">
    <failure type="">Error: Expected null to be 'fAbdc'.
    at &lt;Jasmine&gt;
    at http://localhost:9876/_karma_webpack_/src/app/dashboard/dashboard.component.spec.ts:626:40
    at &lt;Jasmine&gt;
    at fulfilled (http://localhost:9876/_karma_webpack_/node_modules/tslib/tslib.es6.js:70:42)
</failure>
    <failure type="">Error: Expected null to be 'gABc'.
    at &lt;Jasmine&gt;
    at http://localhost:9876/_karma_webpack_/src/app/dashboard/dashboard.component.spec.ts:626:40
    at &lt;Jasmine&gt;
    at fulfilled (http://localhost:9876/_karma_webpack_/node_modules/tslib/tslib.es6.js:70:42)
</failure>
    <failure type="">Error: Expected null to be 'vAccvvv'.
    at &lt;Jasmine&gt;
    at http://localhost:9876/_karma_webpack_/src/app/dashboard/dashboard.component.spec.ts:626:40
    at &lt;Jasmine&gt;
    at fulfilled (http://localhost:9876/_karma_webpack_/node_modules/tslib/tslib.es6.js:70:42)
</failure>
    <failure type="">Error: Expected null to be 'dfdf'.
    at &lt;Jasmine&gt;
    at http://localhost:9876/_karma_webpack_/src/app/dashboard/dashboard.component.spec.ts:626:40
    at &lt;Jasmine&gt;
    at fulfilled (http://localhost:9876/_karma_webpack_/node_modules/tslib/tslib.es6.js:70:42)
</failure>
    <failure type="">Error: Expected null to be 'gggggggggg'.
    at &lt;Jasmine&gt;
    at http://localhost:9876/_karma_webpack_/src/app/dashboard/dashboard.component.spec.ts:626:40
    at &lt;Jasmine&gt;
    at fulfilled (http://localhost:9876/_karma_webpack_/node_modules/tslib/tslib.es6.js:70:42)
</failure>
    <failure type="">Error: Expected null to be 'dddddd'.
    at &lt;Jasmine&gt;
    at http://localhost:9876/_karma_webpack_/src/app/dashboard/dashboard.component.spec.ts:626:40
    at &lt;Jasmine&gt;
    at fulfilled (http://localhost:9876/_karma_webpack_/node_modules/tslib/tslib.es6.js:70:42)
</failure>
  </testcase>
  <testcase name="DashboardComponent Test HTML Month navigation, right button to be enabled" time="0.092" classname=".DashboardComponent Test HTML">
    <failure type="">Error: Expected true to be falsy.
    at &lt;Jasmine&gt;
    at UserContext.&lt;anonymous&gt; (http://localhost:9876/_karma_webpack_/src/app/dashboard/dashboard.component.spec.ts:471:28)
    at ZoneDelegate.invoke (http://localhost:9876/_karma_webpack_/node_modules/zone.js/dist/zone-evergreen.js:365:1)
    at ProxyZoneSpec.onInvoke (http://localhost:9876/_karma_webpack_/node_modules/zone.js/dist/zone-testing.js:305:1)
</failure>
  </testcase>
  <testcase name="DashboardComponent Test HTML Month Value should change on button click" time="0.078" classname=".DashboardComponent Test HTML">
    <failure type="">Error: Expected 'December' to be 'January'.
    at &lt;Jasmine&gt;
    at http://localhost:9876/_karma_webpack_/src/app/dashboard/dashboard.component.spec.ts:508:45
    at &lt;Jasmine&gt;
    at UserContext.&lt;anonymous&gt; (http://localhost:9876/_karma_webpack_/src/app/dashboard/dashboard.component.spec.ts:505:13)
</failure>
    <failure type="">Error: Expected 'December' to be 'February'.
    at &lt;Jasmine&gt;
    at http://localhost:9876/_karma_webpack_/src/app/dashboard/dashboard.component.spec.ts:508:45
    at &lt;Jasmine&gt;
    at UserContext.&lt;anonymous&gt; (http://localhost:9876/_karma_webpack_/src/app/dashboard/dashboard.component.spec.ts:505:13)
</failure>
    <failure type="">Error: Expected 'December' to be 'March'.
    at &lt;Jasmine&gt;
    at http://localhost:9876/_karma_webpack_/src/app/dashboard/dashboard.component.spec.ts:508:45
    at &lt;Jasmine&gt;
    at UserContext.&lt;anonymous&gt; (http://localhost:9876/_karma_webpack_/src/app/dashboard/dashboard.component.spec.ts:505:13)
</failure>
    <failure type="">Error: Expected 'December' to be 'April'.
    at &lt;Jasmine&gt;
    at http://localhost:9876/_karma_webpack_/src/app/dashboard/dashboard.component.spec.ts:508:45
    at &lt;Jasmine&gt;
    at UserContext.&lt;anonymous&gt; (http://localhost:9876/_karma_webpack_/src/app/dashboard/dashboard.component.spec.ts:505:13)
</failure>
    <failure type="">Error: Expected 'December' to be 'May'.
    at &lt;Jasmine&gt;
    at http://localhost:9876/_karma_webpack_/src/app/dashboard/dashboard.component.spec.ts:508:45
    at &lt;Jasmine&gt;
    at UserContext.&lt;anonymous&gt; (http://localhost:9876/_karma_webpack_/src/app/dashboard/dashboard.component.spec.ts:505:13)
</failure>
    <failure type="">Error: Expected 'December' to be 'June'.
    at &lt;Jasmine&gt;
    at http://localhost:9876/_karma_webpack_/src/app/dashboard/dashboard.component.spec.ts:508:45
    at &lt;Jasmine&gt;
    at UserContext.&lt;anonymous&gt; (http://localhost:9876/_karma_webpack_/src/app/dashboard/dashboard.component.spec.ts:505:13)
</failure>
    <failure type="">Error: Expected 'December' to be 'July'.
    at &lt;Jasmine&gt;
    at http://localhost:9876/_karma_webpack_/src/app/dashboard/dashboard.component.spec.ts:508:45
    at &lt;Jasmine&gt;
    at UserContext.&lt;anonymous&gt; (http://localhost:9876/_karma_webpack_/src/app/dashboard/dashboard.component.spec.ts:505:13)
</failure>
    <failure type="">Error: Expected 'December' to be 'August'.
    at &lt;Jasmine&gt;
    at http://localhost:9876/_karma_webpack_/src/app/dashboard/dashboard.component.spec.ts:508:45
    at &lt;Jasmine&gt;
    at UserContext.&lt;anonymous&gt; (http://localhost:9876/_karma_webpack_/src/app/dashboard/dashboard.component.spec.ts:505:13)
</failure>
    <failure type="">Error: Expected 'December' to be 'September'.
    at &lt;Jasmine&gt;
    at http://localhost:9876/_karma_webpack_/src/app/dashboard/dashboard.component.spec.ts:508:45
    at &lt;Jasmine&gt;
    at UserContext.&lt;anonymous&gt; (http://localhost:9876/_karma_webpack_/src/app/dashboard/dashboard.component.spec.ts:505:13)
</failure>
    <failure type="">Error: Expected 'December' to be 'October'.
    at &lt;Jasmine&gt;
    at http://localhost:9876/_karma_webpack_/src/app/dashboard/dashboard.component.spec.ts:508:45
    at &lt;Jasmine&gt;
    at UserContext.&lt;anonymous&gt; (http://localhost:9876/_karma_webpack_/src/app/dashboard/dashboard.component.spec.ts:505:13)
</failure>
    <failure type="">Error: Expected 'December' to be 'November'.
    at &lt;Jasmine&gt;
    at http://localhost:9876/_karma_webpack_/src/app/dashboard/dashboard.component.spec.ts:508:45
    at &lt;Jasmine&gt;
    at UserContext.&lt;anonymous&gt; (http://localhost:9876/_karma_webpack_/src/app/dashboard/dashboard.component.spec.ts:505:13)
</failure>
    <failure type="">Error: Expected 'January' to be 'December'.
    at &lt;Jasmine&gt;
    at http://localhost:9876/_karma_webpack_/src/app/dashboard/dashboard.component.spec.ts:516:45
    at &lt;Jasmine&gt;
    at UserContext.&lt;anonymous&gt; (http://localhost:9876/_karma_webpack_/src/app/dashboard/dashboard.component.spec.ts:513:23)
</failure>
    <failure type="">Error: Expected 'January' to be 'November'.
    at &lt;Jasmine&gt;
    at http://localhost:9876/_karma_webpack_/src/app/dashboard/dashboard.component.spec.ts:516:45
    at &lt;Jasmine&gt;
    at UserContext.&lt;anonymous&gt; (http://localhost:9876/_karma_webpack_/src/app/dashboard/dashboard.component.spec.ts:513:23)
</failure>
    <failure type="">Error: Expected 'January' to be 'October'.
    at &lt;Jasmine&gt;
    at http://localhost:9876/_karma_webpack_/src/app/dashboard/dashboard.component.spec.ts:516:45
    at &lt;Jasmine&gt;
    at UserContext.&lt;anonymous&gt; (http://localhost:9876/_karma_webpack_/src/app/dashboard/dashboard.component.spec.ts:513:23)
</failure>
    <failure type="">Error: Expected 'January' to be 'September'.
    at &lt;Jasmine&gt;
    at http://localhost:9876/_karma_webpack_/src/app/dashboard/dashboard.component.spec.ts:516:45
    at &lt;Jasmine&gt;
    at UserContext.&lt;anonymous&gt; (http://localhost:9876/_karma_webpack_/src/app/dashboard/dashboard.component.spec.ts:513:23)
</failure>
    <failure type="">Error: Expected 'January' to be 'August'.
    at &lt;Jasmine&gt;
    at http://localhost:9876/_karma_webpack_/src/app/dashboard/dashboard.component.spec.ts:516:45
    at &lt;Jasmine&gt;
    at UserContext.&lt;anonymous&gt; (http://localhost:9876/_karma_webpack_/src/app/dashboard/dashboard.component.spec.ts:513:23)
</failure>
    <failure type="">Error: Expected 'January' to be 'July'.
    at &lt;Jasmine&gt;
    at http://localhost:9876/_karma_webpack_/src/app/dashboard/dashboard.component.spec.ts:516:45
    at &lt;Jasmine&gt;
    at UserContext.&lt;anonymous&gt; (http://localhost:9876/_karma_webpack_/src/app/dashboard/dashboard.component.spec.ts:513:23)
</failure>
    <failure type="">Error: Expected 'January' to be 'June'.
    at &lt;Jasmine&gt;
    at http://localhost:9876/_karma_webpack_/src/app/dashboard/dashboard.component.spec.ts:516:45
    at &lt;Jasmine&gt;
    at UserContext.&lt;anonymous&gt; (http://localhost:9876/_karma_webpack_/src/app/dashboard/dashboard.component.spec.ts:513:23)
</failure>
    <failure type="">Error: Expected 'January' to be 'May'.
    at &lt;Jasmine&gt;
    at http://localhost:9876/_karma_webpack_/src/app/dashboard/dashboard.component.spec.ts:516:45
    at &lt;Jasmine&gt;
    at UserContext.&lt;anonymous&gt; (http://localhost:9876/_karma_webpack_/src/app/dashboard/dashboard.component.spec.ts:513:23)
</failure>
    <failure type="">Error: Expected 'January' to be 'April'.
    at &lt;Jasmine&gt;
    at http://localhost:9876/_karma_webpack_/src/app/dashboard/dashboard.component.spec.ts:516:45
    at &lt;Jasmine&gt;
    at UserContext.&lt;anonymous&gt; (http://localhost:9876/_karma_webpack_/src/app/dashboard/dashboard.component.spec.ts:513:23)
</failure>
    <failure type="">Error: Expected 'January' to be 'March'.
    at &lt;Jasmine&gt;
    at http://localhost:9876/_karma_webpack_/src/app/dashboard/dashboard.component.spec.ts:516:45
    at &lt;Jasmine&gt;
    at UserContext.&lt;anonymous&gt; (http://localhost:9876/_karma_webpack_/src/app/dashboard/dashboard.component.spec.ts:513:23)
</failure>
    <failure type="">Error: Expected 'January' to be 'February'.
    at &lt;Jasmine&gt;
    at http://localhost:9876/_karma_webpack_/src/app/dashboard/dashboard.component.spec.ts:516:45
    at &lt;Jasmine&gt;
    at UserContext.&lt;anonymous&gt; (http://localhost:9876/_karma_webpack_/src/app/dashboard/dashboard.component.spec.ts:513:23)
</failure>
  </testcase>
  <testcase name="DashboardComponent Test HTML Month navigation, right button to be disabled" time="0.04" classname=".DashboardComponent Test HTML"/>
  <testcase name="DashboardComponent Test HTML Year navigation, right button to be enabled" time="0.042" classname=".DashboardComponent Test HTML"/>
  <testcase name="DashboardComponent Test HTML Test1 selected city should be assigned to selectedCity" time="0.098" classname=".DashboardComponent Test HTML">
    <failure type="">Error: Expected null to be 'Abdc'.
    at &lt;Jasmine&gt;
    at http://localhost:9876/_karma_webpack_/src/app/dashboard/dashboard.component.spec.ts:615:40
    at &lt;Jasmine&gt;
    at fulfilled (http://localhost:9876/_karma_webpack_/node_modules/tslib/tslib.es6.js:70:42)
</failure>
    <failure type="">Error: Expected null to be 'ABc'.
    at &lt;Jasmine&gt;
    at http://localhost:9876/_karma_webpack_/src/app/dashboard/dashboard.component.spec.ts:615:40
    at &lt;Jasmine&gt;
    at fulfilled (http://localhost:9876/_karma_webpack_/node_modules/tslib/tslib.es6.js:70:42)
</failure>
    <failure type="">Error: Expected null to be 'Acc'.
    at &lt;Jasmine&gt;
    at http://localhost:9876/_karma_webpack_/src/app/dashboard/dashboard.component.spec.ts:615:40
    at &lt;Jasmine&gt;
    at fulfilled (http://localhost:9876/_karma_webpack_/node_modules/tslib/tslib.es6.js:70:42)
</failure>
  </testcase>
  <testcase name="DashboardComponent Test HTML Month navigation, right button should call navigationArrowMonth function" time="0.045" classname=".DashboardComponent Test HTML">
    <failure type="">Error: Expected spy navigationArrowMonth to have been called with:
  [ 1 ]
but it was never called.
    at &lt;Jasmine&gt;
    at UserContext.&lt;anonymous&gt; (http://localhost:9876/_karma_webpack_/src/app/dashboard/dashboard.component.spec.ts:390:19)
    at ZoneDelegate.invoke (http://localhost:9876/_karma_webpack_/node_modules/zone.js/dist/zone-evergreen.js:365:1)
    at ProxyZoneSpec.onInvoke (http://localhost:9876/_karma_webpack_/node_modules/zone.js/dist/zone-testing.js:305:1)
</failure>
  </testcase>
  <testcase name="DashboardComponent Test HTML Test2 Mat-select to display cities" time="0.09" classname=".DashboardComponent Test HTML"/>
  <testcase name="DashboardComponent Test HTML year Value should change on button click" time="0.049" classname=".DashboardComponent Test HTML">
    <failure type="">Error: Expected '2021' to be '2020'.
    at &lt;Jasmine&gt;
    at UserContext.&lt;anonymous&gt; (http://localhost:9876/_karma_webpack_/src/app/dashboard/dashboard.component.spec.ts:538:42)
    at ZoneDelegate.invoke (http://localhost:9876/_karma_webpack_/node_modules/zone.js/dist/zone-evergreen.js:365:1)
    at ProxyZoneSpec.onInvoke (http://localhost:9876/_karma_webpack_/node_modules/zone.js/dist/zone-testing.js:305:1)
</failure>
  </testcase>
  <testcase name="DashboardComponent Test HTML Sign Out button should call signOut function" time="0.038" classname=".DashboardComponent Test HTML"/>
  <testcase name="DashboardComponent Test HTML Year navigation, right button to be disabled" time="0.041" classname=".DashboardComponent Test HTML">
    <failure type="">Error: Expected false to be truthy.
    at &lt;Jasmine&gt;
    at UserContext.&lt;anonymous&gt; (http://localhost:9876/_karma_webpack_/src/app/dashboard/dashboard.component.spec.ts:416:28)
    at ZoneDelegate.invoke (http://localhost:9876/_karma_webpack_/node_modules/zone.js/dist/zone-evergreen.js:365:1)
    at ProxyZoneSpec.onInvoke (http://localhost:9876/_karma_webpack_/node_modules/zone.js/dist/zone-testing.js:305:1)
</failure>
    <failure type="">Error: Expected false to be truthy.
    at &lt;Jasmine&gt;
    at UserContext.&lt;anonymous&gt; (http://localhost:9876/_karma_webpack_/src/app/dashboard/dashboard.component.spec.ts:423:28)
    at ZoneDelegate.invoke (http://localhost:9876/_karma_webpack_/node_modules/zone.js/dist/zone-evergreen.js:365:1)
    at ProxyZoneSpec.onInvoke (http://localhost:9876/_karma_webpack_/node_modules/zone.js/dist/zone-testing.js:305:1)
</failure>
  </testcase>
  <testcase name="DashboardComponent Test HTML when navigate month, year value should change on button click" time="0.048" classname=".DashboardComponent Test HTML">
    <failure type="">Error: Expected '2019' to be '2020'.
    at &lt;Jasmine&gt;
    at UserContext.&lt;anonymous&gt; (http://localhost:9876/_karma_webpack_/src/app/dashboard/dashboard.component.spec.ts:556:42)
    at ZoneDelegate.invoke (http://localhost:9876/_karma_webpack_/node_modules/zone.js/dist/zone-evergreen.js:365:1)
    at ProxyZoneSpec.onInvoke (http://localhost:9876/_karma_webpack_/node_modules/zone.js/dist/zone-testing.js:305:1)
</failure>
    <failure type="">Error: Expected '2019' to be '2018'.
    at &lt;Jasmine&gt;
    at UserContext.&lt;anonymous&gt; (http://localhost:9876/_karma_webpack_/src/app/dashboard/dashboard.component.spec.ts:566:42)
    at ZoneDelegate.invoke (http://localhost:9876/_karma_webpack_/node_modules/zone.js/dist/zone-evergreen.js:365:1)
    at ProxyZoneSpec.onInvoke (http://localhost:9876/_karma_webpack_/node_modules/zone.js/dist/zone-testing.js:305:1)
</failure>
    <failure type="">Error: Expected 'December' to be 'January'.
    at &lt;Jasmine&gt;
    at http://localhost:9876/_karma_webpack_/src/app/dashboard/dashboard.component.spec.ts:578:45
    at &lt;Jasmine&gt;
    at UserContext.&lt;anonymous&gt; (http://localhost:9876/_karma_webpack_/src/app/dashboard/dashboard.component.spec.ts:572:11)
</failure>
    <failure type="">Error: Expected '2019' to be '2020'.
    at &lt;Jasmine&gt;
    at http://localhost:9876/_karma_webpack_/src/app/dashboard/dashboard.component.spec.ts:577:44
    at &lt;Jasmine&gt;
    at UserContext.&lt;anonymous&gt; (http://localhost:9876/_karma_webpack_/src/app/dashboard/dashboard.component.spec.ts:572:11)
</failure>
    <failure type="">Error: Expected 'December' to be 'January'.
    at &lt;Jasmine&gt;
    at http://localhost:9876/_karma_webpack_/src/app/dashboard/dashboard.component.spec.ts:578:45
    at &lt;Jasmine&gt;
    at UserContext.&lt;anonymous&gt; (http://localhost:9876/_karma_webpack_/src/app/dashboard/dashboard.component.spec.ts:572:11)
</failure>
    <failure type="">Error: Expected '2019' to be '2020'.
    at &lt;Jasmine&gt;
    at http://localhost:9876/_karma_webpack_/src/app/dashboard/dashboard.component.spec.ts:577:44
    at &lt;Jasmine&gt;
    at UserContext.&lt;anonymous&gt; (http://localhost:9876/_karma_webpack_/src/app/dashboard/dashboard.component.spec.ts:572:11)
</failure>
  </testcase>
  <testcase name="DashboardComponent Test HTML Year navigation, right button should call navigationArrowYear function" time="0.045" classname=".DashboardComponent Test HTML"/>
  <testcase name="DashboardComponent Test HTML Year navigation, left button should call navigationArrowYear function" time="0.036" classname=".DashboardComponent Test HTML"/>
  <testcase name="DashboardComponent Test HTML Month navigation, left button should call navigationArrowMonth function" time="0.042" classname=".DashboardComponent Test HTML"/>
  <testcase name="DashboardComponent Test HTML Upload button should call openUploadDialog" time="0.05" classname=".DashboardComponent Test HTML"/>
  <testcase name="DashboardComponent Test HTML Test1 Mat-select to display cities" time="0.399" classname=".DashboardComponent Test HTML"/>
  <testcase name="DashboardComponent Test HTML onclick Upload button open Upload-Dialog" time="0.08" classname=".DashboardComponent Test HTML"/>
  <testcase name="HolidayEditorComponent TS file addHoliday() should call getSelectedHolidayInfo " time="0.019" classname=".HolidayEditorComponent TS file">
    <failure type="">Error: Expected spy getSelectedHolidayInfo to have been called.
    at &lt;Jasmine&gt;
    at SafeSubscriber._next (http://localhost:9876/_karma_webpack_/src/app/dashboard/holiday-editor/holiday-editor.component.spec.ts:203:20)
    at SafeSubscriber.__tryOrUnsub (http://localhost:9876/_karma_webpack_/node_modules/rxjs/_esm2015/internal/Subscriber.js:183:1)
    at SafeSubscriber.next (http://localhost:9876/_karma_webpack_/node_modules/rxjs/_esm2015/internal/Subscriber.js:122:1)
</failure>
  </testcase>
  <testcase name="HolidayEditorComponent TS file T2 getSelectedHolidayInfo should assign response data to holidayObj" time="0.016" classname=".HolidayEditorComponent TS file"/>
  <testcase name="HolidayEditorComponent TS file addHoliday() should call monthComponentNotify after addHoliday response " time="0.018" classname=".HolidayEditorComponent TS file">
    <failure type="">Error: Expected spy HolidayService.monthComponentNotify to have been called.
    at &lt;Jasmine&gt;
    at SafeSubscriber._next (http://localhost:9876/_karma_webpack_/src/app/dashboard/holiday-editor/holiday-editor.component.spec.ts:210:56)
    at SafeSubscriber.__tryOrUnsub (http://localhost:9876/_karma_webpack_/node_modules/rxjs/_esm2015/internal/Subscriber.js:183:1)
    at SafeSubscriber.next (http://localhost:9876/_karma_webpack_/node_modules/rxjs/_esm2015/internal/Subscriber.js:122:1)
</failure>
  </testcase>
  <testcase name="HolidayEditorComponent TS file T2 getSelectedHolidayInfo should assign the holidayName to holidayEditor form" time="0.017" classname=".HolidayEditorComponent TS file">
    <failure type="">Failed: Cannot read property 'get' of undefined
    at &lt;Jasmine&gt;
    at SafeSubscriber._next (http://localhost:9876/_karma_webpack_/src/app/dashboard/holiday-editor/holiday-editor.component.spec.ts:139:40)
    at SafeSubscriber.__tryOrUnsub (http://localhost:9876/_karma_webpack_/node_modules/rxjs/_esm2015/internal/Subscriber.js:183:1)
    at SafeSubscriber.next (http://localhost:9876/_karma_webpack_/node_modules/rxjs/_esm2015/internal/Subscriber.js:122:1)
    at Subscriber._next (http://localhost:9876/_karma_webpack_/node_modules/rxjs/_esm2015/internal/Subscriber.js:72:1)
    at Subscriber.next (http://localhost:9876/_karma_webpack_/node_modules/rxjs/_esm2015/internal/Subscriber.js:49:1)
    at Observable._subscribe (http://localhost:9876/_karma_webpack_/node_modules/rxjs/_esm2015/internal/util/subscribeToArray.js:3:1)
    at Observable._trySubscribe (http://localhost:9876/_karma_webpack_/node_modules/rxjs/_esm2015/internal/Observable.js:42:1)
    at Observable.subscribe (http://localhost:9876/_karma_webpack_/node_modules/rxjs/_esm2015/internal/Observable.js:28:1)
    at UserContext.&lt;anonymous&gt; (http://localhost:9876/_karma_webpack_/src/app/dashboard/holiday-editor/holiday-editor.component.spec.ts:138:90)
    at ZoneDelegate.invoke (http://localhost:9876/_karma_webpack_/node_modules/zone.js/dist/zone-evergreen.js:365:1)
</failure>
  </testcase>
  <testcase name="HolidayEditorComponent TS file T1 getSelectedHolidayInfo should assign response data to holidayObj" time="0.018" classname=".HolidayEditorComponent TS file">
    <failure type="">Error: Expected object to have properties
    date: '02/06/2020'
    id: 134
    city: 'hhjv'
    holidayName: 'TD'
    at &lt;Jasmine&gt;
    at SafeSubscriber._next (http://localhost:9876/_karma_webpack_/src/app/dashboard/holiday-editor/holiday-editor.component.spec.ts:109:38)
    at SafeSubscriber.__tryOrUnsub (http://localhost:9876/_karma_webpack_/node_modules/rxjs/_esm2015/internal/Subscriber.js:183:1)
    at SafeSubscriber.next (http://localhost:9876/_karma_webpack_/node_modules/rxjs/_esm2015/internal/Subscriber.js:122:1)
</failure>
  </testcase>
  <testcase name="HolidayEditorComponent TS file Test2 userDate$ => should call getSelectedHolidayInfo when userDate updates, and assign updated date to selectedDate " time="0.016" classname=".HolidayEditorComponent TS file">
    <failure type="">Error: Expected spy getSelectedHolidayInfo to have been called.
    at &lt;Jasmine&gt;
    at SafeSubscriber._next (http://localhost:9876/_karma_webpack_/src/app/dashboard/holiday-editor/holiday-editor.component.spec.ts:297:21)
    at SafeSubscriber.__tryOrUnsub (http://localhost:9876/_karma_webpack_/node_modules/rxjs/_esm2015/internal/Subscriber.js:183:1)
    at SafeSubscriber.next (http://localhost:9876/_karma_webpack_/node_modules/rxjs/_esm2015/internal/Subscriber.js:122:1)
</failure>
    <failure type="">Error: Expected '20/02/2019' to be '05/06/2020'.
    at &lt;Jasmine&gt;
    at SafeSubscriber._next (http://localhost:9876/_karma_webpack_/src/app/dashboard/holiday-editor/holiday-editor.component.spec.ts:298:42)
    at SafeSubscriber.__tryOrUnsub (http://localhost:9876/_karma_webpack_/node_modules/rxjs/_esm2015/internal/Subscriber.js:183:1)
    at SafeSubscriber.next (http://localhost:9876/_karma_webpack_/node_modules/rxjs/_esm2015/internal/Subscriber.js:122:1)
</failure>
  </testcase>
  <testcase name="HolidayEditorComponent TS file T3 getSelectedHolidayInfo should reset form if response is empty" time="0.019" classname=".HolidayEditorComponent TS file">
    <failure type="">Failed: Cannot read property 'setValue' of undefined
    at &lt;Jasmine&gt;
    at UserContext.&lt;anonymous&gt; (http://localhost:9876/_karma_webpack_/src/app/dashboard/holiday-editor/holiday-editor.component.spec.ts:144:31)
    at ZoneDelegate.invoke (http://localhost:9876/_karma_webpack_/node_modules/zone.js/dist/zone-evergreen.js:365:1)
    at AsyncTestZoneSpec.onInvoke (http://localhost:9876/_karma_webpack_/node_modules/zone.js/dist/zone-testing.js:763:1)
    at ProxyZoneSpec.onInvoke (http://localhost:9876/_karma_webpack_/node_modules/zone.js/dist/zone-testing.js:302:1)
    at ZoneDelegate.invoke (http://localhost:9876/_karma_webpack_/node_modules/zone.js/dist/zone-evergreen.js:364:1)
    at Zone.runGuarded (http://localhost:9876/_karma_webpack_/node_modules/zone.js/dist/zone-evergreen.js:134:1)
    at runInTestZone (http://localhost:9876/_karma_webpack_/node_modules/zone.js/dist/zone-testing.js:885:1)
    at UserContext.&lt;anonymous&gt; (http://localhost:9876/_karma_webpack_/node_modules/zone.js/dist/zone-testing.js:823:1)
    at ZoneDelegate.invoke (http://localhost:9876/_karma_webpack_/node_modules/zone.js/dist/zone-evergreen.js:365:1)
    at ProxyZoneSpec.onInvoke (http://localhost:9876/_karma_webpack_/node_modules/zone.js/dist/zone-testing.js:305:1)
</failure>
  </testcase>
  <testcase name="HolidayEditorComponent TS file getSelectedHolidayInfo() -> editorFlag should be true" time="0.017" classname=".HolidayEditorComponent TS file">
    <failure type="">Error: Expected false to be truthy.
    at &lt;Jasmine&gt;
    at UserContext.&lt;anonymous&gt; (http://localhost:9876/_karma_webpack_/src/app/dashboard/holiday-editor/holiday-editor.component.spec.ts:162:36)
    at ZoneDelegate.invoke (http://localhost:9876/_karma_webpack_/node_modules/zone.js/dist/zone-evergreen.js:365:1)
    at ProxyZoneSpec.onInvoke (http://localhost:9876/_karma_webpack_/node_modules/zone.js/dist/zone-testing.js:305:1)
</failure>
    <failure type="">Error: Expected false to be truthy.
    at &lt;Jasmine&gt;
    at UserContext.&lt;anonymous&gt; (http://localhost:9876/_karma_webpack_/src/app/dashboard/holiday-editor/holiday-editor.component.spec.ts:167:36)
    at ZoneDelegate.invoke (http://localhost:9876/_karma_webpack_/node_modules/zone.js/dist/zone-evergreen.js:365:1)
    at ProxyZoneSpec.onInvoke (http://localhost:9876/_karma_webpack_/node_modules/zone.js/dist/zone-testing.js:305:1)
</failure>
  </testcase>
  <testcase name="HolidayEditorComponent TS file Test1 userDate$ => should call getSelectedHolidayInfo when userDate updates, and assign updated date to selectedDate " time="0.011" classname=".HolidayEditorComponent TS file">
    <failure type="">Error: Expected spy getSelectedHolidayInfo to have been called.
    at &lt;Jasmine&gt;
    at SafeSubscriber._next (http://localhost:9876/_karma_webpack_/src/app/dashboard/holiday-editor/holiday-editor.component.spec.ts:283:21)
    at SafeSubscriber.__tryOrUnsub (http://localhost:9876/_karma_webpack_/node_modules/rxjs/_esm2015/internal/Subscriber.js:183:1)
    at SafeSubscriber.next (http://localhost:9876/_karma_webpack_/node_modules/rxjs/_esm2015/internal/Subscriber.js:122:1)
</failure>
    <failure type="">Error: Expected '20/02/2019' to be '02/06/2020'.
    at &lt;Jasmine&gt;
    at SafeSubscriber._next (http://localhost:9876/_karma_webpack_/src/app/dashboard/holiday-editor/holiday-editor.component.spec.ts:284:42)
    at SafeSubscriber.__tryOrUnsub (http://localhost:9876/_karma_webpack_/node_modules/rxjs/_esm2015/internal/Subscriber.js:183:1)
    at SafeSubscriber.next (http://localhost:9876/_karma_webpack_/node_modules/rxjs/_esm2015/internal/Subscriber.js:122:1)
</failure>
  </testcase>
  <testcase name="HolidayEditorComponent TS file updateHoliday should use HolidayService function updateHoliday" time="0.019" classname=".HolidayEditorComponent TS file">
    <failure type="">TypeError: Cannot read property 'get' of undefined
    at &lt;Jasmine&gt;
    at UserContext.&lt;anonymous&gt; (http://localhost:9876/_karma_webpack_/src/app/dashboard/holiday-editor/holiday-editor.component.spec.ts:216:31)
    at ZoneDelegate.invoke (http://localhost:9876/_karma_webpack_/node_modules/zone.js/dist/zone-evergreen.js:365:1)
    at ProxyZoneSpec.onInvoke (http://localhost:9876/_karma_webpack_/node_modules/zone.js/dist/zone-testing.js:305:1)
    at ZoneDelegate.invoke (http://localhost:9876/_karma_webpack_/node_modules/zone.js/dist/zone-evergreen.js:364:1)
    at Zone.run (http://localhost:9876/_karma_webpack_/node_modules/zone.js/dist/zone-evergreen.js:124:1)
    at runInTestZone (http://localhost:9876/_karma_webpack_/node_modules/zone.js/dist/zone-testing.js:554:1)
    at UserContext.&lt;anonymous&gt; (http://localhost:9876/_karma_webpack_/node_modules/zone.js/dist/zone-testing.js:569:1)
    at &lt;Jasmine&gt;
</failure>
  </testcase>
  <testcase name="HolidayEditorComponent TS file updateHoliday() should call getSelectedHolidayInfo " time="0.013" classname=".HolidayEditorComponent TS file">
    <failure type="">Error: Expected spy getSelectedHolidayInfo to have been called.
    at &lt;Jasmine&gt;
    at SafeSubscriber._next (http://localhost:9876/_karma_webpack_/src/app/dashboard/holiday-editor/holiday-editor.component.spec.ts:239:20)
    at SafeSubscriber.__tryOrUnsub (http://localhost:9876/_karma_webpack_/node_modules/rxjs/_esm2015/internal/Subscriber.js:183:1)
    at SafeSubscriber.next (http://localhost:9876/_karma_webpack_/node_modules/rxjs/_esm2015/internal/Subscriber.js:122:1)
</failure>
  </testcase>
  <testcase name="HolidayEditorComponent TS file getSelectedHolidayInfo should call getSelectedHolidayInfo() in HolidayService" time="0.015" classname=".HolidayEditorComponent TS file">
    <failure type="">Error: Expected spy HolidayService.getSelectedHolidayInfo to have been called with:
  [ '02/06/2020', 'hhjv' ]
but it was never called.
    at &lt;Jasmine&gt;
    at UserContext.&lt;anonymous&gt; (http://localhost:9876/_karma_webpack_/src/app/dashboard/holiday-editor/holiday-editor.component.spec.ts:81:56)
    at ZoneDelegate.invoke (http://localhost:9876/_karma_webpack_/node_modules/zone.js/dist/zone-evergreen.js:365:1)
    at ProxyZoneSpec.onInvoke (http://localhost:9876/_karma_webpack_/node_modules/zone.js/dist/zone-testing.js:305:1)
</failure>
    <failure type="">Error: Expected spy HolidayService.getSelectedHolidayInfo to have been called with:
  [ '05/06/2020', 'hhjsddv' ]
but it was never called.
    at &lt;Jasmine&gt;
    at UserContext.&lt;anonymous&gt; (http://localhost:9876/_karma_webpack_/src/app/dashboard/holiday-editor/holiday-editor.component.spec.ts:86:56)
    at ZoneDelegate.invoke (http://localhost:9876/_karma_webpack_/node_modules/zone.js/dist/zone-evergreen.js:365:1)
    at ProxyZoneSpec.onInvoke (http://localhost:9876/_karma_webpack_/node_modules/zone.js/dist/zone-testing.js:305:1)
</failure>
  </testcase>
  <testcase name="HolidayEditorComponent TS file getSelectedHolidayInfo should not call getSelectedHolidayInfo() in HolidayService  when selected date is lesser than current date" time="0.009" classname=".HolidayEditorComponent TS file"/>
  <testcase name="HolidayEditorComponent TS file getSelectedHolidayInfo() -> editorFlag should be false" time="0.013" classname=".HolidayEditorComponent TS file"/>
  <testcase name="HolidayEditorComponent TS file removeHoliday() should call monthComponentNotify, holidayObj to be {} and reset holidayEditor form after removing Holiday" time="0.017" classname=".HolidayEditorComponent TS file">
    <failure type="">Failed: Cannot read property 'controls' of undefined
    at &lt;Jasmine&gt;
    at UserContext.&lt;anonymous&gt; (http://localhost:9876/_karma_webpack_/src/app/dashboard/holiday-editor/holiday-editor.component.spec.ts:267:33)
    at ZoneDelegate.invoke (http://localhost:9876/_karma_webpack_/node_modules/zone.js/dist/zone-evergreen.js:365:1)
    at AsyncTestZoneSpec.onInvoke (http://localhost:9876/_karma_webpack_/node_modules/zone.js/dist/zone-testing.js:763:1)
    at ProxyZoneSpec.onInvoke (http://localhost:9876/_karma_webpack_/node_modules/zone.js/dist/zone-testing.js:302:1)
    at ZoneDelegate.invoke (http://localhost:9876/_karma_webpack_/node_modules/zone.js/dist/zone-evergreen.js:364:1)
    at Zone.runGuarded (http://localhost:9876/_karma_webpack_/node_modules/zone.js/dist/zone-evergreen.js:134:1)
    at runInTestZone (http://localhost:9876/_karma_webpack_/node_modules/zone.js/dist/zone-testing.js:885:1)
    at UserContext.&lt;anonymous&gt; (http://localhost:9876/_karma_webpack_/node_modules/zone.js/dist/zone-testing.js:823:1)
    at ZoneDelegate.invoke (http://localhost:9876/_karma_webpack_/node_modules/zone.js/dist/zone-evergreen.js:365:1)
    at ProxyZoneSpec.onInvoke (http://localhost:9876/_karma_webpack_/node_modules/zone.js/dist/zone-testing.js:305:1)
</failure>
  </testcase>
  <testcase name="HolidayEditorComponent TS file addHoliday should use HolidayService function addHoliday" time="0.017" classname=".HolidayEditorComponent TS file">
    <failure type="">TypeError: Cannot read property 'get' of undefined
    at &lt;Jasmine&gt;
    at UserContext.&lt;anonymous&gt; (http://localhost:9876/_karma_webpack_/src/app/dashboard/holiday-editor/holiday-editor.component.spec.ts:186:31)
    at ZoneDelegate.invoke (http://localhost:9876/_karma_webpack_/node_modules/zone.js/dist/zone-evergreen.js:365:1)
    at ProxyZoneSpec.onInvoke (http://localhost:9876/_karma_webpack_/node_modules/zone.js/dist/zone-testing.js:305:1)
    at ZoneDelegate.invoke (http://localhost:9876/_karma_webpack_/node_modules/zone.js/dist/zone-evergreen.js:364:1)
    at Zone.run (http://localhost:9876/_karma_webpack_/node_modules/zone.js/dist/zone-evergreen.js:124:1)
    at runInTestZone (http://localhost:9876/_karma_webpack_/node_modules/zone.js/dist/zone-testing.js:554:1)
    at UserContext.&lt;anonymous&gt; (http://localhost:9876/_karma_webpack_/node_modules/zone.js/dist/zone-testing.js:569:1)
    at &lt;Jasmine&gt;
</failure>
  </testcase>
  <testcase name="HolidayEditorComponent TS file T1 getSelectedHolidayInfo should assign the holidayName to holidayEditor form" time="0.015" classname=".HolidayEditorComponent TS file">
    <failure type="">Failed: Cannot read property 'get' of undefined
    at &lt;Jasmine&gt;
    at SafeSubscriber._next (http://localhost:9876/_karma_webpack_/src/app/dashboard/holiday-editor/holiday-editor.component.spec.ts:129:40)
    at SafeSubscriber.__tryOrUnsub (http://localhost:9876/_karma_webpack_/node_modules/rxjs/_esm2015/internal/Subscriber.js:183:1)
    at SafeSubscriber.next (http://localhost:9876/_karma_webpack_/node_modules/rxjs/_esm2015/internal/Subscriber.js:122:1)
    at Subscriber._next (http://localhost:9876/_karma_webpack_/node_modules/rxjs/_esm2015/internal/Subscriber.js:72:1)
    at Subscriber.next (http://localhost:9876/_karma_webpack_/node_modules/rxjs/_esm2015/internal/Subscriber.js:49:1)
    at Observable._subscribe (http://localhost:9876/_karma_webpack_/node_modules/rxjs/_esm2015/internal/util/subscribeToArray.js:3:1)
    at Observable._trySubscribe (http://localhost:9876/_karma_webpack_/node_modules/rxjs/_esm2015/internal/Observable.js:42:1)
    at Observable.subscribe (http://localhost:9876/_karma_webpack_/node_modules/rxjs/_esm2015/internal/Observable.js:28:1)
    at UserContext.&lt;anonymous&gt; (http://localhost:9876/_karma_webpack_/src/app/dashboard/holiday-editor/holiday-editor.component.spec.ts:128:90)
    at ZoneDelegate.invoke (http://localhost:9876/_karma_webpack_/node_modules/zone.js/dist/zone-evergreen.js:365:1)
</failure>
  </testcase>
  <testcase name="HolidayEditorComponent TS file updateHoliday() should call monthComponentNotify after addHoliday response " time="0.012" classname=".HolidayEditorComponent TS file">
    <failure type="">Error: Expected spy HolidayService.monthComponentNotify to have been called.
    at &lt;Jasmine&gt;
    at SafeSubscriber._next (http://localhost:9876/_karma_webpack_/src/app/dashboard/holiday-editor/holiday-editor.component.spec.ts:248:56)
    at SafeSubscriber.__tryOrUnsub (http://localhost:9876/_karma_webpack_/node_modules/rxjs/_esm2015/internal/Subscriber.js:183:1)
    at SafeSubscriber.next (http://localhost:9876/_karma_webpack_/node_modules/rxjs/_esm2015/internal/Subscriber.js:122:1)
</failure>
  </testcase>
  <testcase name="HolidayEditorComponent TS file removeHoliday should use HolidayService function removeHoliday" time="0.017" classname=".HolidayEditorComponent TS file">
    <failure type="">Error: Expected spy HolidayService.removeHoliday to have been called with:
  [ 134 ]
but it was never called.
    at &lt;Jasmine&gt;
    at UserContext.&lt;anonymous&gt; (http://localhost:9876/_karma_webpack_/src/app/dashboard/holiday-editor/holiday-editor.component.spec.ts:257:47)
    at ZoneDelegate.invoke (http://localhost:9876/_karma_webpack_/node_modules/zone.js/dist/zone-evergreen.js:365:1)
    at ProxyZoneSpec.onInvoke (http://localhost:9876/_karma_webpack_/node_modules/zone.js/dist/zone-testing.js:305:1)
</failure>
    <failure type="">Error: Expected spy HolidayService.removeHoliday to have been called with:
  [ 132 ]
but it was never called.
    at &lt;Jasmine&gt;
    at UserContext.&lt;anonymous&gt; (http://localhost:9876/_karma_webpack_/src/app/dashboard/holiday-editor/holiday-editor.component.spec.ts:261:47)
    at ZoneDelegate.invoke (http://localhost:9876/_karma_webpack_/node_modules/zone.js/dist/zone-evergreen.js:365:1)
    at ProxyZoneSpec.onInvoke (http://localhost:9876/_karma_webpack_/node_modules/zone.js/dist/zone-testing.js:305:1)
</failure>
  </testcase>
  <testcase name="HolidayEditorComponent HTML file Add button to be disabled" time="0.015" classname=".HolidayEditorComponent HTML file">
    <failure type="">TypeError: Cannot read property 'setValue' of undefined
    at &lt;Jasmine&gt;
    at UserContext.&lt;anonymous&gt; (http://localhost:9876/_karma_webpack_/src/app/dashboard/holiday-editor/holiday-editor.component.spec.ts:343:31)
    at ZoneDelegate.invoke (http://localhost:9876/_karma_webpack_/node_modules/zone.js/dist/zone-evergreen.js:365:1)
    at ProxyZoneSpec.onInvoke (http://localhost:9876/_karma_webpack_/node_modules/zone.js/dist/zone-testing.js:305:1)
    at ZoneDelegate.invoke (http://localhost:9876/_karma_webpack_/node_modules/zone.js/dist/zone-evergreen.js:364:1)
    at Zone.run (http://localhost:9876/_karma_webpack_/node_modules/zone.js/dist/zone-evergreen.js:124:1)
    at runInTestZone (http://localhost:9876/_karma_webpack_/node_modules/zone.js/dist/zone-testing.js:554:1)
    at UserContext.&lt;anonymous&gt; (http://localhost:9876/_karma_webpack_/node_modules/zone.js/dist/zone-testing.js:569:1)
    at &lt;Jasmine&gt;
</failure>
  </testcase>
  <testcase name="HolidayEditorComponent HTML file remove button to be enabled" time="0.032" classname=".HolidayEditorComponent HTML file">
    <failure type="">TypeError: Cannot read property 'setValue' of undefined
    at &lt;Jasmine&gt;
    at UserContext.&lt;anonymous&gt; (http://localhost:9876/_karma_webpack_/src/app/dashboard/holiday-editor/holiday-editor.component.spec.ts:451:31)
    at ZoneDelegate.invoke (http://localhost:9876/_karma_webpack_/node_modules/zone.js/dist/zone-evergreen.js:365:1)
    at ProxyZoneSpec.onInvoke (http://localhost:9876/_karma_webpack_/node_modules/zone.js/dist/zone-testing.js:305:1)
    at ZoneDelegate.invoke (http://localhost:9876/_karma_webpack_/node_modules/zone.js/dist/zone-evergreen.js:364:1)
    at Zone.run (http://localhost:9876/_karma_webpack_/node_modules/zone.js/dist/zone-evergreen.js:124:1)
    at runInTestZone (http://localhost:9876/_karma_webpack_/node_modules/zone.js/dist/zone-testing.js:554:1)
    at UserContext.&lt;anonymous&gt; (http://localhost:9876/_karma_webpack_/node_modules/zone.js/dist/zone-testing.js:569:1)
    at &lt;Jasmine&gt;
</failure>
  </testcase>
  <testcase name="HolidayEditorComponent HTML file Click=>Save button should call updateHoliday()" time="0.015" classname=".HolidayEditorComponent HTML file">
    <failure type="">TypeError: Cannot read property 'setValue' of undefined
    at &lt;Jasmine&gt;
    at UserContext.&lt;anonymous&gt; (http://localhost:9876/_karma_webpack_/src/app/dashboard/holiday-editor/holiday-editor.component.spec.ts:433:31)
    at ZoneDelegate.invoke (http://localhost:9876/_karma_webpack_/node_modules/zone.js/dist/zone-evergreen.js:365:1)
    at ProxyZoneSpec.onInvoke (http://localhost:9876/_karma_webpack_/node_modules/zone.js/dist/zone-testing.js:305:1)
    at ZoneDelegate.invoke (http://localhost:9876/_karma_webpack_/node_modules/zone.js/dist/zone-evergreen.js:364:1)
    at Zone.run (http://localhost:9876/_karma_webpack_/node_modules/zone.js/dist/zone-evergreen.js:124:1)
    at runInTestZone (http://localhost:9876/_karma_webpack_/node_modules/zone.js/dist/zone-testing.js:554:1)
    at UserContext.&lt;anonymous&gt; (http://localhost:9876/_karma_webpack_/node_modules/zone.js/dist/zone-testing.js:569:1)
    at &lt;Jasmine&gt;
</failure>
  </testcase>
  <testcase name="HolidayEditorComponent HTML file Click=>Add button should call addHoliday()" time="0.014" classname=".HolidayEditorComponent HTML file">
    <failure type="">TypeError: Cannot read property 'setValue' of undefined
    at &lt;Jasmine&gt;
    at UserContext.&lt;anonymous&gt; (http://localhost:9876/_karma_webpack_/src/app/dashboard/holiday-editor/holiday-editor.component.spec.ts:380:31)
    at ZoneDelegate.invoke (http://localhost:9876/_karma_webpack_/node_modules/zone.js/dist/zone-evergreen.js:365:1)
    at ProxyZoneSpec.onInvoke (http://localhost:9876/_karma_webpack_/node_modules/zone.js/dist/zone-testing.js:305:1)
    at ZoneDelegate.invoke (http://localhost:9876/_karma_webpack_/node_modules/zone.js/dist/zone-evergreen.js:364:1)
    at Zone.run (http://localhost:9876/_karma_webpack_/node_modules/zone.js/dist/zone-evergreen.js:124:1)
    at runInTestZone (http://localhost:9876/_karma_webpack_/node_modules/zone.js/dist/zone-testing.js:554:1)
    at UserContext.&lt;anonymous&gt; (http://localhost:9876/_karma_webpack_/node_modules/zone.js/dist/zone-testing.js:569:1)
    at &lt;Jasmine&gt;
</failure>
  </testcase>
  <testcase name="HolidayEditorComponent HTML file Test2 display error message for holidayName text field" time="0.015" classname=".HolidayEditorComponent HTML file">
    <failure type="">TypeError: Cannot read property 'setValue' of undefined
    at &lt;Jasmine&gt;
    at http://localhost:9876/_karma_webpack_/src/app/dashboard/holiday-editor/holiday-editor.component.spec.ts:503:31
    at &lt;Jasmine&gt;
    at http://localhost:9876/_karma_webpack_/node_modules/tslib/tslib.es6.js:73:1
    at new ZoneAwarePromise (http://localhost:9876/_karma_webpack_/node_modules/zone.js/dist/zone-evergreen.js:872:1)
    at __awaiter (http://localhost:9876/_karma_webpack_/node_modules/tslib/tslib.es6.js:69:1)
    at UserContext.&lt;anonymous&gt; (http://localhost:9876/_karma_webpack_/src/app/dashboard/holiday-editor/holiday-editor.component.spec.ts:499:78)
    at ZoneDelegate.invoke (http://localhost:9876/_karma_webpack_/node_modules/zone.js/dist/zone-evergreen.js:365:1)
    at ProxyZoneSpec.onInvoke (http://localhost:9876/_karma_webpack_/node_modules/zone.js/dist/zone-testing.js:305:1)
    at ZoneDelegate.invoke (http://localhost:9876/_karma_webpack_/node_modules/zone.js/dist/zone-evergreen.js:364:1)
    at Zone.run (http://localhost:9876/_karma_webpack_/node_modules/zone.js/dist/zone-evergreen.js:124:1)
</failure>
  </testcase>
  <testcase name="HolidayEditorComponent HTML file Add button to be enabled" time="0.015" classname=".HolidayEditorComponent HTML file">
    <failure type="">TypeError: Cannot read property 'setValue' of undefined
    at &lt;Jasmine&gt;
    at UserContext.&lt;anonymous&gt; (http://localhost:9876/_karma_webpack_/src/app/dashboard/holiday-editor/holiday-editor.component.spec.ts:363:31)
    at ZoneDelegate.invoke (http://localhost:9876/_karma_webpack_/node_modules/zone.js/dist/zone-evergreen.js:365:1)
    at ProxyZoneSpec.onInvoke (http://localhost:9876/_karma_webpack_/node_modules/zone.js/dist/zone-testing.js:305:1)
    at ZoneDelegate.invoke (http://localhost:9876/_karma_webpack_/node_modules/zone.js/dist/zone-evergreen.js:364:1)
    at Zone.run (http://localhost:9876/_karma_webpack_/node_modules/zone.js/dist/zone-evergreen.js:124:1)
    at runInTestZone (http://localhost:9876/_karma_webpack_/node_modules/zone.js/dist/zone-testing.js:554:1)
    at UserContext.&lt;anonymous&gt; (http://localhost:9876/_karma_webpack_/node_modules/zone.js/dist/zone-testing.js:569:1)
    at &lt;Jasmine&gt;
</failure>
  </testcase>
  <testcase name="HolidayEditorComponent HTML file Existing Holiday-> Add button should not be displayed, save and remove button should be displayed" time="0.013" classname=".HolidayEditorComponent HTML file">
    <failure type="">TypeError: Cannot read property 'setValue' of undefined
    at &lt;Jasmine&gt;
    at UserContext.&lt;anonymous&gt; (http://localhost:9876/_karma_webpack_/src/app/dashboard/holiday-editor/holiday-editor.component.spec.ts:327:31)
    at ZoneDelegate.invoke (http://localhost:9876/_karma_webpack_/node_modules/zone.js/dist/zone-evergreen.js:365:1)
    at ProxyZoneSpec.onInvoke (http://localhost:9876/_karma_webpack_/node_modules/zone.js/dist/zone-testing.js:305:1)
    at ZoneDelegate.invoke (http://localhost:9876/_karma_webpack_/node_modules/zone.js/dist/zone-evergreen.js:364:1)
    at Zone.run (http://localhost:9876/_karma_webpack_/node_modules/zone.js/dist/zone-evergreen.js:124:1)
    at runInTestZone (http://localhost:9876/_karma_webpack_/node_modules/zone.js/dist/zone-testing.js:554:1)
    at UserContext.&lt;anonymous&gt; (http://localhost:9876/_karma_webpack_/node_modules/zone.js/dist/zone-testing.js:569:1)
    at &lt;Jasmine&gt;
</failure>
  </testcase>
  <testcase name="HolidayEditorComponent HTML file Test1 display error message for holidayName text field" time="0.018" classname=".HolidayEditorComponent HTML file">
    <failure type="">TypeError: Cannot read property 'setValue' of undefined
    at &lt;Jasmine&gt;
    at http://localhost:9876/_karma_webpack_/src/app/dashboard/holiday-editor/holiday-editor.component.spec.ts:478:31
    at &lt;Jasmine&gt;
    at http://localhost:9876/_karma_webpack_/node_modules/tslib/tslib.es6.js:73:1
    at new ZoneAwarePromise (http://localhost:9876/_karma_webpack_/node_modules/zone.js/dist/zone-evergreen.js:872:1)
    at __awaiter (http://localhost:9876/_karma_webpack_/node_modules/tslib/tslib.es6.js:69:1)
    at UserContext.&lt;anonymous&gt; (http://localhost:9876/_karma_webpack_/src/app/dashboard/holiday-editor/holiday-editor.component.spec.ts:474:78)
    at ZoneDelegate.invoke (http://localhost:9876/_karma_webpack_/node_modules/zone.js/dist/zone-evergreen.js:365:1)
    at ProxyZoneSpec.onInvoke (http://localhost:9876/_karma_webpack_/node_modules/zone.js/dist/zone-testing.js:305:1)
    at ZoneDelegate.invoke (http://localhost:9876/_karma_webpack_/node_modules/zone.js/dist/zone-evergreen.js:364:1)
    at Zone.run (http://localhost:9876/_karma_webpack_/node_modules/zone.js/dist/zone-evergreen.js:124:1)
</failure>
  </testcase>
  <testcase name="HolidayEditorComponent HTML file New entry-> Add button should be displayed, save and remove button should not be displayed" time="0.018" classname=".HolidayEditorComponent HTML file">
    <failure type="">TypeError: Cannot read property 'setValue' of undefined
    at &lt;Jasmine&gt;
    at UserContext.&lt;anonymous&gt; (http://localhost:9876/_karma_webpack_/src/app/dashboard/holiday-editor/holiday-editor.component.spec.ts:312:31)
    at ZoneDelegate.invoke (http://localhost:9876/_karma_webpack_/node_modules/zone.js/dist/zone-evergreen.js:365:1)
    at ProxyZoneSpec.onInvoke (http://localhost:9876/_karma_webpack_/node_modules/zone.js/dist/zone-testing.js:305:1)
    at ZoneDelegate.invoke (http://localhost:9876/_karma_webpack_/node_modules/zone.js/dist/zone-evergreen.js:364:1)
    at Zone.run (http://localhost:9876/_karma_webpack_/node_modules/zone.js/dist/zone-evergreen.js:124:1)
    at runInTestZone (http://localhost:9876/_karma_webpack_/node_modules/zone.js/dist/zone-testing.js:554:1)
    at UserContext.&lt;anonymous&gt; (http://localhost:9876/_karma_webpack_/node_modules/zone.js/dist/zone-testing.js:569:1)
    at &lt;Jasmine&gt;
</failure>
  </testcase>
  <testcase name="HolidayEditorComponent HTML file Click=>Remove button should call removeHoliday()" time="0.012" classname=".HolidayEditorComponent HTML file">
    <failure type="">TypeError: Cannot read property 'setValue' of undefined
    at &lt;Jasmine&gt;
    at UserContext.&lt;anonymous&gt; (http://localhost:9876/_karma_webpack_/src/app/dashboard/holiday-editor/holiday-editor.component.spec.ts:463:31)
    at ZoneDelegate.invoke (http://localhost:9876/_karma_webpack_/node_modules/zone.js/dist/zone-evergreen.js:365:1)
    at ProxyZoneSpec.onInvoke (http://localhost:9876/_karma_webpack_/node_modules/zone.js/dist/zone-testing.js:305:1)
    at ZoneDelegate.invoke (http://localhost:9876/_karma_webpack_/node_modules/zone.js/dist/zone-evergreen.js:364:1)
    at Zone.run (http://localhost:9876/_karma_webpack_/node_modules/zone.js/dist/zone-evergreen.js:124:1)
    at runInTestZone (http://localhost:9876/_karma_webpack_/node_modules/zone.js/dist/zone-testing.js:554:1)
    at UserContext.&lt;anonymous&gt; (http://localhost:9876/_karma_webpack_/node_modules/zone.js/dist/zone-testing.js:569:1)
    at &lt;Jasmine&gt;
</failure>
  </testcase>
  <testcase name="HolidayEditorComponent HTML file Save button to be enabled" time="0.013" classname=".HolidayEditorComponent HTML file">
    <failure type="">TypeError: Cannot read property 'setValue' of undefined
    at &lt;Jasmine&gt;
    at UserContext.&lt;anonymous&gt; (http://localhost:9876/_karma_webpack_/src/app/dashboard/holiday-editor/holiday-editor.component.spec.ts:415:31)
    at ZoneDelegate.invoke (http://localhost:9876/_karma_webpack_/node_modules/zone.js/dist/zone-evergreen.js:365:1)
    at ProxyZoneSpec.onInvoke (http://localhost:9876/_karma_webpack_/node_modules/zone.js/dist/zone-testing.js:305:1)
    at ZoneDelegate.invoke (http://localhost:9876/_karma_webpack_/node_modules/zone.js/dist/zone-evergreen.js:364:1)
    at Zone.run (http://localhost:9876/_karma_webpack_/node_modules/zone.js/dist/zone-evergreen.js:124:1)
    at runInTestZone (http://localhost:9876/_karma_webpack_/node_modules/zone.js/dist/zone-testing.js:554:1)
    at UserContext.&lt;anonymous&gt; (http://localhost:9876/_karma_webpack_/node_modules/zone.js/dist/zone-testing.js:569:1)
    at &lt;Jasmine&gt;
</failure>
  </testcase>
  <testcase name="HolidayEditorComponent HTML file Save button to be disabled" time="0.014" classname=".HolidayEditorComponent HTML file">
    <failure type="">TypeError: Cannot read property 'setValue' of undefined
    at &lt;Jasmine&gt;
    at UserContext.&lt;anonymous&gt; (http://localhost:9876/_karma_webpack_/src/app/dashboard/holiday-editor/holiday-editor.component.spec.ts:399:31)
    at ZoneDelegate.invoke (http://localhost:9876/_karma_webpack_/node_modules/zone.js/dist/zone-evergreen.js:365:1)
    at ProxyZoneSpec.onInvoke (http://localhost:9876/_karma_webpack_/node_modules/zone.js/dist/zone-testing.js:305:1)
    at ZoneDelegate.invoke (http://localhost:9876/_karma_webpack_/node_modules/zone.js/dist/zone-evergreen.js:364:1)
    at Zone.run (http://localhost:9876/_karma_webpack_/node_modules/zone.js/dist/zone-evergreen.js:124:1)
    at runInTestZone (http://localhost:9876/_karma_webpack_/node_modules/zone.js/dist/zone-testing.js:554:1)
    at UserContext.&lt;anonymous&gt; (http://localhost:9876/_karma_webpack_/node_modules/zone.js/dist/zone-testing.js:569:1)
    at &lt;Jasmine&gt;
</failure>
  </testcase>
  <testcase name="HolidayService Test2 authValidator to return true" time="0.008" classname=".HolidayService">
    <failure type="">Error: Expected one matching request for criteria "Match URL: api/admin/login/", found 2 requests.
    at HttpClientTestingBackend.expectOne (http://localhost:9876/_karma_webpack_/node_modules/@angular/common/fesm2015/http/testing.js:488:1)
    at UserContext.&lt;anonymous&gt; (http://localhost:9876/_karma_webpack_/src/app/services/holiday.service.spec.ts:46:37)
    at ZoneDelegate.invoke (http://localhost:9876/_karma_webpack_/node_modules/zone.js/dist/zone-evergreen.js:365:1)
    at ProxyZoneSpec.onInvoke (http://localhost:9876/_karma_webpack_/node_modules/zone.js/dist/zone-testing.js:305:1)
    at ZoneDelegate.invoke (http://localhost:9876/_karma_webpack_/node_modules/zone.js/dist/zone-evergreen.js:364:1)
    at Zone.run (http://localhost:9876/_karma_webpack_/node_modules/zone.js/dist/zone-evergreen.js:124:1)
    at runInTestZone (http://localhost:9876/_karma_webpack_/node_modules/zone.js/dist/zone-testing.js:554:1)
    at UserContext.&lt;anonymous&gt; (http://localhost:9876/_karma_webpack_/node_modules/zone.js/dist/zone-testing.js:569:1)
    at &lt;Jasmine&gt;
</failure>
  </testcase>
  <testcase name="HolidayService Test3 authValidator to return false" time="0.004" classname=".HolidayService">
    <failure type="">Error: Expected one matching request for criteria "Match URL: api/admin/login/", found 2 requests.
    at HttpClientTestingBackend.expectOne (http://localhost:9876/_karma_webpack_/node_modules/@angular/common/fesm2015/http/testing.js:488:1)
    at UserContext.&lt;anonymous&gt; (http://localhost:9876/_karma_webpack_/src/app/services/holiday.service.spec.ts:56:37)
    at ZoneDelegate.invoke (http://localhost:9876/_karma_webpack_/node_modules/zone.js/dist/zone-evergreen.js:365:1)
    at ProxyZoneSpec.onInvoke (http://localhost:9876/_karma_webpack_/node_modules/zone.js/dist/zone-testing.js:305:1)
    at ZoneDelegate.invoke (http://localhost:9876/_karma_webpack_/node_modules/zone.js/dist/zone-evergreen.js:364:1)
    at Zone.run (http://localhost:9876/_karma_webpack_/node_modules/zone.js/dist/zone-evergreen.js:124:1)
    at runInTestZone (http://localhost:9876/_karma_webpack_/node_modules/zone.js/dist/zone-testing.js:554:1)
    at UserContext.&lt;anonymous&gt; (http://localhost:9876/_karma_webpack_/node_modules/zone.js/dist/zone-testing.js:569:1)
    at &lt;Jasmine&gt;
</failure>
  </testcase>
  <testcase name="HolidayService Test4 authValidator to return false after calling signOut" time="0.006" classname=".HolidayService">
    <failure type="">Error: Expected one matching request for criteria "Match URL: api/admin/login/", found 2 requests.
    at HttpClientTestingBackend.expectOne (http://localhost:9876/_karma_webpack_/node_modules/@angular/common/fesm2015/http/testing.js:488:1)
    at UserContext.&lt;anonymous&gt; (http://localhost:9876/_karma_webpack_/src/app/services/holiday.service.spec.ts:66:37)
    at ZoneDelegate.invoke (http://localhost:9876/_karma_webpack_/node_modules/zone.js/dist/zone-evergreen.js:365:1)
    at ProxyZoneSpec.onInvoke (http://localhost:9876/_karma_webpack_/node_modules/zone.js/dist/zone-testing.js:305:1)
    at ZoneDelegate.invoke (http://localhost:9876/_karma_webpack_/node_modules/zone.js/dist/zone-evergreen.js:364:1)
    at Zone.run (http://localhost:9876/_karma_webpack_/node_modules/zone.js/dist/zone-evergreen.js:124:1)
    at runInTestZone (http://localhost:9876/_karma_webpack_/node_modules/zone.js/dist/zone-testing.js:554:1)
    at UserContext.&lt;anonymous&gt; (http://localhost:9876/_karma_webpack_/node_modules/zone.js/dist/zone-testing.js:569:1)
    at &lt;Jasmine&gt;
</failure>
  </testcase>
  <testcase name="HolidayService signOut should navigate to SignIn page" time="0.008" classname=".HolidayService"/>
  <testcase name="HolidayService Test1 authValidator to return false" time="0.003" classname=".HolidayService"/>
  <testcase name="HolidayService component Interation Test1 monthComponentNotify and monthViewUpdateNotifier$ should work" time="0.003" classname=".HolidayService component Interation"/>
  <testcase name="HolidayService component Interation Test1 sendUserSelectedDateId and userDate$ should work" time="0.003" classname=".HolidayService component Interation">
    <failure type="">Error: Expected '' to be '20/05/2020'.
    at &lt;Jasmine&gt;
    at UserContext.&lt;anonymous&gt; (http://localhost:9876/_karma_webpack_/src/app/services/holiday.service.spec.ts:182:22)
    at ZoneDelegate.invoke (http://localhost:9876/_karma_webpack_/node_modules/zone.js/dist/zone-evergreen.js:365:1)
    at ProxyZoneSpec.onInvoke (http://localhost:9876/_karma_webpack_/node_modules/zone.js/dist/zone-testing.js:305:1)
</failure>
    <failure type="">Error: Expected '' to be '25/05/2020'.
    at &lt;Jasmine&gt;
    at UserContext.&lt;anonymous&gt; (http://localhost:9876/_karma_webpack_/src/app/services/holiday.service.spec.ts:189:22)
    at ZoneDelegate.invoke (http://localhost:9876/_karma_webpack_/node_modules/zone.js/dist/zone-evergreen.js:365:1)
    at ProxyZoneSpec.onInvoke (http://localhost:9876/_karma_webpack_/node_modules/zone.js/dist/zone-testing.js:305:1)
</failure>
  </testcase>
  <testcase name="HolidayService http Test signIn should use post method and should return Observable" time="0.005" classname=".HolidayService http">
    <failure type="">Error: Expected one matching request for criteria "Match URL: api/admin/login/", found 2 requests.
    at HttpClientTestingBackend.expectOne (http://localhost:9876/_karma_webpack_/node_modules/@angular/common/fesm2015/http/testing.js:488:1)
    at UserContext.&lt;anonymous&gt; (http://localhost:9876/_karma_webpack_/src/app/services/holiday.service.spec.ts:82:39)
    at ZoneDelegate.invoke (http://localhost:9876/_karma_webpack_/node_modules/zone.js/dist/zone-evergreen.js:365:1)
    at ProxyZoneSpec.onInvoke (http://localhost:9876/_karma_webpack_/node_modules/zone.js/dist/zone-testing.js:305:1)
    at ZoneDelegate.invoke (http://localhost:9876/_karma_webpack_/node_modules/zone.js/dist/zone-evergreen.js:364:1)
    at Zone.run (http://localhost:9876/_karma_webpack_/node_modules/zone.js/dist/zone-evergreen.js:124:1)
    at runInTestZone (http://localhost:9876/_karma_webpack_/node_modules/zone.js/dist/zone-testing.js:554:1)
    at UserContext.&lt;anonymous&gt; (http://localhost:9876/_karma_webpack_/node_modules/zone.js/dist/zone-testing.js:569:1)
    at &lt;Jasmine&gt;
</failure>
  </testcase>
  <testcase name="HolidayService http Test getCities should use Get method and should return Observable" time="0.003" classname=".HolidayService http"/>
  <testcase name="HolidayService http Test getHolidays should use post method and should return Observable" time="0.008" classname=".HolidayService http">
    <failure type="">Error: Expected one matching request for criteria "Match URL: api/monthly/", found none. Requests received are: POST api/monthly.
    at HttpClientTestingBackend.expectOne (http://localhost:9876/_karma_webpack_/node_modules/@angular/common/fesm2015/http/testing.js:511:1)
    at UserContext.&lt;anonymous&gt; (http://localhost:9876/_karma_webpack_/src/app/services/holiday.service.spec.ts:101:39)
    at ZoneDelegate.invoke (http://localhost:9876/_karma_webpack_/node_modules/zone.js/dist/zone-evergreen.js:365:1)
    at ProxyZoneSpec.onInvoke (http://localhost:9876/_karma_webpack_/node_modules/zone.js/dist/zone-testing.js:305:1)
    at ZoneDelegate.invoke (http://localhost:9876/_karma_webpack_/node_modules/zone.js/dist/zone-evergreen.js:364:1)
    at Zone.run (http://localhost:9876/_karma_webpack_/node_modules/zone.js/dist/zone-evergreen.js:124:1)
    at runInTestZone (http://localhost:9876/_karma_webpack_/node_modules/zone.js/dist/zone-testing.js:554:1)
    at UserContext.&lt;anonymous&gt; (http://localhost:9876/_karma_webpack_/node_modules/zone.js/dist/zone-testing.js:569:1)
    at &lt;Jasmine&gt;
</failure>
    <failure type="">Error: Expected no open requests, found 1: POST api/monthly
    at HttpClientTestingBackend.verify (http://localhost:9876/_karma_webpack_/node_modules/@angular/common/fesm2015/http/testing.js:562:1)
    at UserContext.&lt;anonymous&gt; (http://localhost:9876/_karma_webpack_/src/app/services/holiday.service.spec.ts:77:29)
    at ZoneDelegate.invoke (http://localhost:9876/_karma_webpack_/node_modules/zone.js/dist/zone-evergreen.js:365:1)
    at ProxyZoneSpec.onInvoke (http://localhost:9876/_karma_webpack_/node_modules/zone.js/dist/zone-testing.js:305:1)
    at ZoneDelegate.invoke (http://localhost:9876/_karma_webpack_/node_modules/zone.js/dist/zone-evergreen.js:364:1)
    at Zone.run (http://localhost:9876/_karma_webpack_/node_modules/zone.js/dist/zone-evergreen.js:124:1)
    at runInTestZone (http://localhost:9876/_karma_webpack_/node_modules/zone.js/dist/zone-testing.js:554:1)
    at UserContext.&lt;anonymous&gt; (http://localhost:9876/_karma_webpack_/node_modules/zone.js/dist/zone-testing.js:569:1)
    at &lt;Jasmine&gt;
</failure>
  </testcase>
  <testcase name="HolidayService http Test getHolidays should use post method and should return Observable" time="0.008" classname=".HolidayService http">
    <failure type="">Error: Expected object to have properties
    city_name: 'hhjv'
Expected object not to have properties
    city: 'hhjv'
    at &lt;Jasmine&gt;
    at UserContext.&lt;anonymous&gt; (http://localhost:9876/_karma_webpack_/src/app/services/holiday.service.spec.ts:116:32)
    at ZoneDelegate.invoke (http://localhost:9876/_karma_webpack_/node_modules/zone.js/dist/zone-evergreen.js:365:1)
    at ProxyZoneSpec.onInvoke (http://localhost:9876/_karma_webpack_/node_modules/zone.js/dist/zone-testing.js:305:1)
</failure>
    <failure type="">Error: Expected object to have properties
    city_name: 'hdjfjk'
Expected object not to have properties
    city: 'hdjfjk'
    at &lt;Jasmine&gt;
    at UserContext.&lt;anonymous&gt; (http://localhost:9876/_karma_webpack_/src/app/services/holiday.service.spec.ts:121:32)
    at ZoneDelegate.invoke (http://localhost:9876/_karma_webpack_/node_modules/zone.js/dist/zone-evergreen.js:365:1)
    at ProxyZoneSpec.onInvoke (http://localhost:9876/_karma_webpack_/node_modules/zone.js/dist/zone-testing.js:305:1)
</failure>
  </testcase>
  <testcase name="HolidayService http Test upload file should use Get method and should return Observable" time="0.003" classname=".HolidayService http"/>
  <testcase name="HolidayService http Test removeHoliday should use Get method and should return Observable" time="0.004" classname=".HolidayService http"/>
  <testcase name="HolidayService http Test addHoliday should use post method and should return Observable" time="0.006" classname=".HolidayService http">
    <failure type="">Error: Expected one matching request for criteria "Match URL: api/create/", found none. Requests received are: POST api/create.
    at HttpClientTestingBackend.expectOne (http://localhost:9876/_karma_webpack_/node_modules/@angular/common/fesm2015/http/testing.js:511:1)
    at UserContext.&lt;anonymous&gt; (http://localhost:9876/_karma_webpack_/src/app/services/holiday.service.spec.ts:127:39)
    at ZoneDelegate.invoke (http://localhost:9876/_karma_webpack_/node_modules/zone.js/dist/zone-evergreen.js:365:1)
    at ProxyZoneSpec.onInvoke (http://localhost:9876/_karma_webpack_/node_modules/zone.js/dist/zone-testing.js:305:1)
    at ZoneDelegate.invoke (http://localhost:9876/_karma_webpack_/node_modules/zone.js/dist/zone-evergreen.js:364:1)
    at Zone.run (http://localhost:9876/_karma_webpack_/node_modules/zone.js/dist/zone-evergreen.js:124:1)
    at runInTestZone (http://localhost:9876/_karma_webpack_/node_modules/zone.js/dist/zone-testing.js:554:1)
    at UserContext.&lt;anonymous&gt; (http://localhost:9876/_karma_webpack_/node_modules/zone.js/dist/zone-testing.js:569:1)
    at &lt;Jasmine&gt;
</failure>
    <failure type="">Error: Expected no open requests, found 1: POST api/create
    at HttpClientTestingBackend.verify (http://localhost:9876/_karma_webpack_/node_modules/@angular/common/fesm2015/http/testing.js:562:1)
    at UserContext.&lt;anonymous&gt; (http://localhost:9876/_karma_webpack_/src/app/services/holiday.service.spec.ts:77:29)
    at ZoneDelegate.invoke (http://localhost:9876/_karma_webpack_/node_modules/zone.js/dist/zone-evergreen.js:365:1)
    at ProxyZoneSpec.onInvoke (http://localhost:9876/_karma_webpack_/node_modules/zone.js/dist/zone-testing.js:305:1)
    at ZoneDelegate.invoke (http://localhost:9876/_karma_webpack_/node_modules/zone.js/dist/zone-evergreen.js:364:1)
    at Zone.run (http://localhost:9876/_karma_webpack_/node_modules/zone.js/dist/zone-evergreen.js:124:1)
    at runInTestZone (http://localhost:9876/_karma_webpack_/node_modules/zone.js/dist/zone-testing.js:554:1)
    at UserContext.&lt;anonymous&gt; (http://localhost:9876/_karma_webpack_/node_modules/zone.js/dist/zone-testing.js:569:1)
    at &lt;Jasmine&gt;
</failure>
  </testcase>
  <testcase name="HolidayService http Test updateHoliday should use post method and should return Observable" time="0.007" classname=".HolidayService http">
    <failure type="">Error: Expected 'POST' to be 'PUT'.
    at &lt;Jasmine&gt;
    at UserContext.&lt;anonymous&gt; (http://localhost:9876/_karma_webpack_/src/app/services/holiday.service.spec.ts:142:34)
    at ZoneDelegate.invoke (http://localhost:9876/_karma_webpack_/node_modules/zone.js/dist/zone-evergreen.js:365:1)
    at ProxyZoneSpec.onInvoke (http://localhost:9876/_karma_webpack_/node_modules/zone.js/dist/zone-testing.js:305:1)
</failure>
    <failure type="">Error: Expected 'POST' to be 'PUT'.
    at &lt;Jasmine&gt;
    at UserContext.&lt;anonymous&gt; (http://localhost:9876/_karma_webpack_/src/app/services/holiday.service.spec.ts:148:34)
    at ZoneDelegate.invoke (http://localhost:9876/_karma_webpack_/node_modules/zone.js/dist/zone-evergreen.js:365:1)
    at ProxyZoneSpec.onInvoke (http://localhost:9876/_karma_webpack_/node_modules/zone.js/dist/zone-testing.js:305:1)
</failure>
  </testcase>
  <testcase name="UploadDialogComponent HTML file #actionBtnsToUpload should exists" time="0.022" classname=".UploadDialogComponent HTML file"/>
  <testcase name="UploadDialogComponent HTML file Yes button should call closeDialog" time="0.02" classname=".UploadDialogComponent HTML file"/>
  <testcase name="UploadDialogComponent HTML file #fileDrop should exists if file not selected" time="0.016" classname=".UploadDialogComponent HTML file"/>
  <testcase name="UploadDialogComponent HTML file #actionBtnsToUpload should not exists" time="0.025" classname=".UploadDialogComponent HTML file"/>
  <testcase name="UploadDialogComponent HTML file #fileDrop should not exists if file selected" time="0.02" classname=".UploadDialogComponent HTML file"/>
  <testcase name="UploadDialogComponent HTML file #fileStatusSelected should not exists" time="0.017" classname=".UploadDialogComponent HTML file"/>
  <testcase name="UploadDialogComponent HTML file #fileStatusSelected should exists" time="0.022" classname=".UploadDialogComponent HTML file"/>
  <testcase name="UploadDialogComponent HTML file No button should call closeDialog" time="0.022" classname=".UploadDialogComponent HTML file"/>
  <testcase name="UploadDialogComponent TS file openFileExplorer should open file explorer by clicking #fileUpload DOM element" time="0.019" classname=".UploadDialogComponent TS file"/>
  <testcase name="UploadDialogComponent TS file closeDialog should close dialog without any parameter when userResponse is false" time="0.021" classname=".UploadDialogComponent TS file"/>
  <testcase name="UploadDialogComponent TS file closeDialog should close dialog with file as parameter when userResponse is true" time="0.027" classname=".UploadDialogComponent TS file"/>
  <testcase name="RouteValidationGuard If authValidator returns true navigate to dashboard" time="0.024" classname=".RouteValidationGuard"/>
  <testcase name="RouteValidationGuard If authValidator to returns false navigate to authentication" time="0.011" classname=".RouteValidationGuard">
    <failure type="">Error: Expected '/dashboard' to be '/'.
    at &lt;Jasmine&gt;
    at http://localhost:9876/_karma_webpack_/src/app/routeValidation/route-validation.guard.spec.ts:58:23
    at &lt;Jasmine&gt;
    at fulfilled (http://localhost:9876/_karma_webpack_/node_modules/tslib/tslib.es6.js:70:42)
</failure>
  </testcase>
  <system-out>
    <![CDATA[HeadlessChrome 91.0.4472 (Windows 10.0.0) LOG: FormControl{validator: function (control) { ... }, asyncValidator: null, _onCollectionChange: () => { ... }, pristine: true, touched: false, _onDisabledChange: [(isDisabled) => { ... }], _onChange: [(newValue, emitModelEvent) => { ... }], _pendingValue: 'hello@gmal.ckm', value: 'hello@gmal.ckm', status: 'VALID', errors: null, valueChanges: EventEmitter{_isScalar: false, observers: [...], closed: false, isStopped: false, hasError: false, thrownError: null, __isAsync: false}, statusChanges: EventEmitter{_isScalar: false, observers: [], closed: false, isStopped: false, hasError: false, thrownError: null, __isAsync: false}, _parent: FormGroup{validator: null, asyncValidator: null, _onCollectionChange: () => this._updateDomValue(), pristine: true, touched: false, _onDisabledChange: [], controls: Object{userName: ..., password: ...}, valueChanges: EventEmitter{_isScalar: ..., observers: ..., closed: ..., isStopped: ..., hasError: ..., thrownError: ..., __isAsync: ...}, statusChanges: EventEmitter{_isScalar: ..., observers: ..., closed: ..., isStopped: ..., hasError: ..., thrownError: ..., __isAsync: ...}, status: 'VALID', value: Object{userName: ..., password: ...}, errors: null}}, FormControl{validator: function (control) { ... }, asyncValidator: null, _onCollectionChange: () => { ... }, pristine: true, touched: false, _onDisabledChange: [(isDisabled) => { ... }], _onChange: [(newValue, emitModelEvent) => { ... }], _pendingValue: 'welcome', value: 'welcome', status: 'VALID', errors: null, valueChanges: EventEmitter{_isScalar: false, observers: [...], closed: false, isStopped: false, hasError: false, thrownError: null, __isAsync: false}, statusChanges: EventEmitter{_isScalar: false, observers: [], closed: false, isStopped: false, hasError: false, thrownError: null, __isAsync: false}, _parent: FormGroup{validator: null, asyncValidator: null, _onCollectionChange: () => this._updateDomValue(), pristine: true, touched: false, _onDisabledChange: [], controls: Object{userName: ..., password: ...}, valueChanges: EventEmitter{_isScalar: ..., observers: ..., closed: ..., isStopped: ..., hasError: ..., thrownError: ..., __isAsync: ...}, statusChanges: EventEmitter{_isScalar: ..., observers: ..., closed: ..., isStopped: ..., hasError: ..., thrownError: ..., __isAsync: ...}, status: 'VALID', value: Object{userName: ..., password: ...}, errors: null}}
,HeadlessChrome 91.0.4472 (Windows 10.0.0) WARN: 'Navigation triggered outside Angular zone, did you forget to call 'ngZone.run()'?'
,HeadlessChrome 91.0.4472 (Windows 10.0.0) LOG: FormControl{validator: function (control) { ... }, asyncValidator: null, _onCollectionChange: () => { ... }, pristine: true, touched: false, _onDisabledChange: [(isDisabled) => { ... }], _onChange: [(newValue, emitModelEvent) => { ... }], _pendingValue: '', value: '', status: 'INVALID', errors: Object{required: true}, valueChanges: EventEmitter{_isScalar: false, observers: [...], closed: false, isStopped: false, hasError: false, thrownError: null, __isAsync: false}, statusChanges: EventEmitter{_isScalar: false, observers: [], closed: false, isStopped: false, hasError: false, thrownError: null, __isAsync: false}, _parent: FormGroup{validator: null, asyncValidator: null, _onCollectionChange: () => this._updateDomValue(), pristine: true, touched: false, _onDisabledChange: [], controls: Object{userName: ..., password: ...}, valueChanges: EventEmitter{_isScalar: ..., observers: ..., closed: ..., isStopped: ..., hasError: ..., thrownError: ..., __isAsync: ...}, statusChanges: EventEmitter{_isScalar: ..., observers: ..., closed: ..., isStopped: ..., hasError: ..., thrownError: ..., __isAsync: ...}, status: 'INVALID', value: Object{userName: ..., password: ...}, errors: null}}, FormControl{validator: function (control) { ... }, asyncValidator: null, _onCollectionChange: () => { ... }, pristine: true, touched: false, _onDisabledChange: [(isDisabled) => { ... }], _onChange: [(newValue, emitModelEvent) => { ... }], _pendingValue: '', value: '', status: 'INVALID', errors: Object{required: true}, valueChanges: EventEmitter{_isScalar: false, observers: [...], closed: false, isStopped: false, hasError: false, thrownError: null, __isAsync: false}, statusChanges: EventEmitter{_isScalar: false, observers: [], closed: false, isStopped: false, hasError: false, thrownError: null, __isAsync: false}, _parent: FormGroup{validator: null, asyncValidator: null, _onCollectionChange: () => this._updateDomValue(), pristine: true, touched: false, _onDisabledChange: [], controls: Object{userName: ..., password: ...}, valueChanges: EventEmitter{_isScalar: ..., observers: ..., closed: ..., isStopped: ..., hasError: ..., thrownError: ..., __isAsync: ...}, statusChanges: EventEmitter{_isScalar: ..., observers: ..., closed: ..., isStopped: ..., hasError: ..., thrownError: ..., __isAsync: ...}, status: 'INVALID', value: Object{userName: ..., password: ...}, errors: null}}
,HeadlessChrome 91.0.4472 (Windows 10.0.0) LOG: FormControl{validator: function (control) { ... }, asyncValidator: null, _onCollectionChange: () => { ... }, pristine: true, touched: false, _onDisabledChange: [(isDisabled) => { ... }], _onChange: [(newValue, emitModelEvent) => { ... }], _pendingValue: 'hello@gmal.ckm', value: 'hello@gmal.ckm', status: 'VALID', errors: null, valueChanges: EventEmitter{_isScalar: false, observers: [...], closed: false, isStopped: false, hasError: false, thrownError: null, __isAsync: false}, statusChanges: EventEmitter{_isScalar: false, observers: [], closed: false, isStopped: false, hasError: false, thrownError: null, __isAsync: false}, _parent: FormGroup{validator: null, asyncValidator: null, _onCollectionChange: () => this._updateDomValue(), pristine: true, touched: false, _onDisabledChange: [], controls: Object{userName: ..., password: ...}, valueChanges: EventEmitter{_isScalar: ..., observers: ..., closed: ..., isStopped: ..., hasError: ..., thrownError: ..., __isAsync: ...}, statusChanges: EventEmitter{_isScalar: ..., observers: ..., closed: ..., isStopped: ..., hasError: ..., thrownError: ..., __isAsync: ...}, status: 'VALID', value: Object{userName: ..., password: ...}, errors: null}}, FormControl{validator: function (control) { ... }, asyncValidator: null, _onCollectionChange: () => { ... }, pristine: true, touched: false, _onDisabledChange: [(isDisabled) => { ... }], _onChange: [(newValue, emitModelEvent) => { ... }], _pendingValue: 'welcome', value: 'welcome', status: 'VALID', errors: null, valueChanges: EventEmitter{_isScalar: false, observers: [...], closed: false, isStopped: false, hasError: false, thrownError: null, __isAsync: false}, statusChanges: EventEmitter{_isScalar: false, observers: [], closed: false, isStopped: false, hasError: false, thrownError: null, __isAsync: false}, _parent: FormGroup{validator: null, asyncValidator: null, _onCollectionChange: () => this._updateDomValue(), pristine: true, touched: false, _onDisabledChange: [], controls: Object{userName: ..., password: ...}, valueChanges: EventEmitter{_isScalar: ..., observers: ..., closed: ..., isStopped: ..., hasError: ..., thrownError: ..., __isAsync: ...}, statusChanges: EventEmitter{_isScalar: ..., observers: ..., closed: ..., isStopped: ..., hasError: ..., thrownError: ..., __isAsync: ...}, status: 'VALID', value: Object{userName: ..., password: ...}, errors: null}}
,HeadlessChrome 91.0.4472 (Windows 10.0.0) WARN: 'Navigation triggered outside Angular zone, did you forget to call 'ngZone.run()'?'
,HeadlessChrome 91.0.4472 (Windows 10.0.0) LOG: FormControl{validator: function (control) { ... }, asyncValidator: null, _onCollectionChange: () => { ... }, pristine: true, touched: false, _onDisabledChange: [(isDisabled) => { ... }], _onChange: [(newValue, emitModelEvent) => { ... }], _pendingValue: 'ello@gmal.ckm', value: 'ello@gmal.ckm', status: 'VALID', errors: null, valueChanges: EventEmitter{_isScalar: false, observers: [...], closed: false, isStopped: false, hasError: false, thrownError: null, __isAsync: false}, statusChanges: EventEmitter{_isScalar: false, observers: [], closed: false, isStopped: false, hasError: false, thrownError: null, __isAsync: false}, _parent: FormGroup{validator: null, asyncValidator: null, _onCollectionChange: () => this._updateDomValue(), pristine: true, touched: false, _onDisabledChange: [], controls: Object{userName: ..., password: ...}, valueChanges: EventEmitter{_isScalar: ..., observers: ..., closed: ..., isStopped: ..., hasError: ..., thrownError: ..., __isAsync: ...}, statusChanges: EventEmitter{_isScalar: ..., observers: ..., closed: ..., isStopped: ..., hasError: ..., thrownError: ..., __isAsync: ...}, status: 'VALID', value: Object{userName: ..., password: ...}, errors: null}}, FormControl{validator: function (control) { ... }, asyncValidator: null, _onCollectionChange: () => { ... }, pristine: true, touched: false, _onDisabledChange: [(isDisabled) => { ... }], _onChange: [(newValue, emitModelEvent) => { ... }], _pendingValue: 'lcome', value: 'lcome', status: 'VALID', errors: null, valueChanges: EventEmitter{_isScalar: false, observers: [...], closed: false, isStopped: false, hasError: false, thrownError: null, __isAsync: false}, statusChanges: EventEmitter{_isScalar: false, observers: [], closed: false, isStopped: false, hasError: false, thrownError: null, __isAsync: false}, _parent: FormGroup{validator: null, asyncValidator: null, _onCollectionChange: () => this._updateDomValue(), pristine: true, touched: false, _onDisabledChange: [], controls: Object{userName: ..., password: ...}, valueChanges: EventEmitter{_isScalar: ..., observers: ..., closed: ..., isStopped: ..., hasError: ..., thrownError: ..., __isAsync: ...}, statusChanges: EventEmitter{_isScalar: ..., observers: ..., closed: ..., isStopped: ..., hasError: ..., thrownError: ..., __isAsync: ...}, status: 'VALID', value: Object{userName: ..., password: ...}, errors: null}}
,HeadlessChrome 91.0.4472 (Windows 10.0.0) WARN: 'Navigation triggered outside Angular zone, did you forget to call 'ngZone.run()'?'
,HeadlessChrome 91.0.4472 (Windows 10.0.0) LOG: FormControl{validator: function (control) { ... }, asyncValidator: null, _onCollectionChange: () => { ... }, pristine: true, touched: false, _onDisabledChange: [(isDisabled) => { ... }], _onChange: [(newValue, emitModelEvent) => { ... }], _pendingValue: 'todo@gmal.ckm', value: 'todo@gmal.ckm', status: 'VALID', errors: null, valueChanges: EventEmitter{_isScalar: false, observers: [...], closed: false, isStopped: false, hasError: false, thrownError: null, __isAsync: false}, statusChanges: EventEmitter{_isScalar: false, observers: [], closed: false, isStopped: false, hasError: false, thrownError: null, __isAsync: false}, _parent: FormGroup{validator: null, asyncValidator: null, _onCollectionChange: () => this._updateDomValue(), pristine: true, touched: false, _onDisabledChange: [], controls: Object{userName: ..., password: ...}, valueChanges: EventEmitter{_isScalar: ..., observers: ..., closed: ..., isStopped: ..., hasError: ..., thrownError: ..., __isAsync: ...}, statusChanges: EventEmitter{_isScalar: ..., observers: ..., closed: ..., isStopped: ..., hasError: ..., thrownError: ..., __isAsync: ...}, status: 'VALID', value: Object{userName: ..., password: ...}, errors: null}}, FormControl{validator: function (control) { ... }, asyncValidator: null, _onCollectionChange: () => { ... }, pristine: true, touched: false, _onDisabledChange: [(isDisabled) => { ... }], _onChange: [(newValue, emitModelEvent) => { ... }], _pendingValue: 'lcome', value: 'lcome', status: 'VALID', errors: null, valueChanges: EventEmitter{_isScalar: false, observers: [...], closed: false, isStopped: false, hasError: false, thrownError: null, __isAsync: false}, statusChanges: EventEmitter{_isScalar: false, observers: [], closed: false, isStopped: false, hasError: false, thrownError: null, __isAsync: false}, _parent: FormGroup{validator: null, asyncValidator: null, _onCollectionChange: () => this._updateDomValue(), pristine: true, touched: false, _onDisabledChange: [], controls: Object{userName: ..., password: ...}, valueChanges: EventEmitter{_isScalar: ..., observers: ..., closed: ..., isStopped: ..., hasError: ..., thrownError: ..., __isAsync: ...}, statusChanges: EventEmitter{_isScalar: ..., observers: ..., closed: ..., isStopped: ..., hasError: ..., thrownError: ..., __isAsync: ...}, status: 'VALID', value: Object{userName: ..., password: ...}, errors: null}}
,HeadlessChrome 91.0.4472 (Windows 10.0.0) WARN: 'Navigation triggered outside Angular zone, did you forget to call 'ngZone.run()'?'
,HeadlessChrome 91.0.4472 (Windows 10.0.0) LOG: FormControl{validator: function (control) { ... }, asyncValidator: null, _onCollectionChange: () => { ... }, pristine: false, touched: false, _onDisabledChange: [(isDisabled) => { ... }], _onChange: [(newValue, emitModelEvent) => { ... }], _pendingValue: 'welcomefrg@makc.com', value: 'welcomefrg@makc.com', status: 'VALID', errors: null, valueChanges: EventEmitter{_isScalar: false, observers: [...], closed: false, isStopped: false, hasError: false, thrownError: null, __isAsync: false}, statusChanges: EventEmitter{_isScalar: false, observers: [], closed: false, isStopped: false, hasError: false, thrownError: null, __isAsync: false}, _parent: FormGroup{validator: null, asyncValidator: null, _onCollectionChange: () => this._updateDomValue(), pristine: false, touched: false, _onDisabledChange: [], controls: Object{userName: ..., password: ...}, valueChanges: EventEmitter{_isScalar: ..., observers: ..., closed: ..., isStopped: ..., hasError: ..., thrownError: ..., __isAsync: ...}, statusChanges: EventEmitter{_isScalar: ..., observers: ..., closed: ..., isStopped: ..., hasError: ..., thrownError: ..., __isAsync: ...}, status: 'VALID', value: Object{userName: ..., password: ...}, errors: null}, _pendingChange: false, _pendingDirty: true}, FormControl{validator: function (control) { ... }, asyncValidator: null, _onCollectionChange: () => { ... }, pristine: false, touched: false, _onDisabledChange: [(isDisabled) => { ... }], _onChange: [(newValue, emitModelEvent) => { ... }], _pendingValue: 'welcomefrgmakc.com', value: 'welcomefrgmakc.com', status: 'VALID', errors: null, valueChanges: EventEmitter{_isScalar: false, observers: [...], closed: false, isStopped: false, hasError: false, thrownError: null, __isAsync: false}, statusChanges: EventEmitter{_isScalar: false, observers: [], closed: false, isStopped: false, hasError: false, thrownError: null, __isAsync: false}, _parent: FormGroup{validator: null, asyncValidator: null, _onCollectionChange: () => this._updateDomValue(), pristine: false, touched: false, _onDisabledChange: [], controls: Object{userName: ..., password: ...}, valueChanges: EventEmitter{_isScalar: ..., observers: ..., closed: ..., isStopped: ..., hasError: ..., thrownError: ..., __isAsync: ...}, statusChanges: EventEmitter{_isScalar: ..., observers: ..., closed: ..., isStopped: ..., hasError: ..., thrownError: ..., __isAsync: ...}, status: 'VALID', value: Object{userName: ..., password: ...}, errors: null}, _pendingChange: false, _pendingDirty: true}
,HeadlessChrome 91.0.4472 (Windows 10.0.0) WARN: 'Navigation triggered outside Angular zone, did you forget to call 'ngZone.run()'?'
,HeadlessChrome 91.0.4472 (Windows 10.0.0) WARN: 'Navigation triggered outside Angular zone, did you forget to call 'ngZone.run()'?'
,HeadlessChrome 91.0.4472 (Windows 10.0.0) WARN: 'Navigation triggered outside Angular zone, did you forget to call 'ngZone.run()'?'
,HeadlessChrome 91.0.4472 (Windows 10.0.0) WARN: 'Navigation triggered outside Angular zone, did you forget to call 'ngZone.run()'?'

]]>
  </system-out>
  <system-err/>
</testsuite>